#
# There is insufficient memory for the Java Runtime Environment to continue.
# Native memory allocation (malloc) failed to allocate 122683392 bytes for committing reserved memory.
# Possible reasons:
#   The system is out of physical RAM or swap space
#   In 32 bit mode, the process size limit was hit
# Possible solutions:
#   Reduce memory load on the system
#   Increase physical memory or swap space
#   Check if swap backing store is full
#   Use 64 bit Java on a 64 bit OS
#   Decrease Java heap size (-Xmx/-Xms)
#   Decrease number of Java threads
#   Decrease Java thread stack sizes (-Xss)
#   Set larger code cache with -XX:ReservedCodeCacheSize=
# This output file may be truncated or incomplete.
#
#  Out of Memory Error (os_linux.cpp:2745), pid=4596, tid=140183594473216
#
# JRE version: Java(TM) SE Runtime Environment (7.0_65-b17) (build 1.7.0_65-b17)
# Java VM: Java HotSpot(TM) 64-Bit Server VM (24.65-b04 mixed mode linux-amd64 compressed oops)
# Failed to write core dump. Core dumps have been disabled. To enable core dumping, try "ulimit -c unlimited" before starting Java again
#

---------------  T H R E A D  ---------------

Current thread (0x00007f7f10072000):  VMThread [stack: 0x00007f7f094a1000,0x00007f7f095a2000] [id=4613]

Stack: [0x00007f7f094a1000,0x00007f7f095a2000],  sp=0x00007f7f095a00d0,  free space=1020k
Native frames: (J=compiled Java code, j=interpreted, Vv=VM code, C=native code)
V  [libjvm.so+0x99eb8a]  VMError::report_and_die()+0x2ea
V  [libjvm.so+0x49721b]  report_vm_out_of_memory(char const*, int, unsigned long, char const*)+0x9b
V  [libjvm.so+0x81d9ae]  os::Linux::commit_memory_impl(char*, unsigned long, bool)+0xfe
V  [libjvm.so+0x81def9]  os::pd_commit_memory(char*, unsigned long, unsigned long, bool)+0x29
V  [libjvm.so+0x817caa]  os::commit_memory(char*, unsigned long, unsigned long, bool)+0x2a
V  [libjvm.so+0x88a7a3]  PSVirtualSpace::expand_by(unsigned long)+0x53
V  [libjvm.so+0x88bb78]  PSYoungGen::resize_generation(unsigned long, unsigned long)+0xf8
V  [libjvm.so+0x88ace2]  PSYoungGen::resize(unsigned long, unsigned long)+0x22
V  [libjvm.so+0x888133]  PSScavenge::invoke_no_policy()+0xfb3
V  [libjvm.so+0x8888e1]  PSScavenge::invoke()+0x41
V  [libjvm.so+0x83f510]  ParallelScavengeHeap::failed_mem_allocate(unsigned long)+0x70
V  [libjvm.so+0x9a0417]  VM_ParallelGCFailedAllocation::doit()+0x97
V  [libjvm.so+0x9a78b5]  VM_Operation::evaluate()+0x55
V  [libjvm.so+0x9a5c7a]  VMThread::evaluate_operation(VM_Operation*)+0xba
V  [libjvm.so+0x9a5ffe]  VMThread::loop()+0x1ce
V  [libjvm.so+0x9a6470]  VMThread::run()+0x70
V  [libjvm.so+0x81f988]  java_start(Thread*)+0x108

VM_Operation (0x00007f7f170a8760): ParallelGCFailedAllocation, mode: safepoint, requested by thread 0x00007f7f10009800


---------------  P R O C E S S  ---------------

Java Threads: ( => current thread )
  0x00007f7f101e3800 JavaThread "AWT-EventQueue-0" [_thread_blocked, id=4625, stack(0x00007f7ef5b27000,0x00007f7ef5c28000)]
  0x00007f7f101ba800 JavaThread "AWT-Shutdown" [_thread_blocked, id=4624, stack(0x00007f7ef6336000,0x00007f7ef6437000)]
  0x00007f7f1018c800 JavaThread "Image Fetcher 0" daemon [_thread_blocked, id=4623, stack(0x00007f7ef685f000,0x00007f7ef6960000)]
  0x00007f7f10182000 JavaThread "AWT-XAWT" daemon [_thread_blocked, id=4622, stack(0x00007f7ef6960000,0x00007f7ef6a61000)]
  0x00007f7f1013a800 JavaThread "Java2D Disposer" daemon [_thread_blocked, id=4621, stack(0x00007f7f0808f000,0x00007f7f08190000)]
  0x00007f7f1009f800 JavaThread "Service Thread" daemon [_thread_blocked, id=4619, stack(0x00007f7f087b8000,0x00007f7f088b9000)]
  0x00007f7f1009d800 JavaThread "C2 CompilerThread1" daemon [_thread_blocked, id=4618, stack(0x00007f7f088b9000,0x00007f7f089ba000)]
  0x00007f7f1009a800 JavaThread "C2 CompilerThread0" daemon [_thread_blocked, id=4617, stack(0x00007f7f089ba000,0x00007f7f08abb000)]
  0x00007f7f10099000 JavaThread "Signal Dispatcher" daemon [_thread_blocked, id=4616, stack(0x00007f7f08abb000,0x00007f7f08bbc000)]
  0x00007f7f10078800 JavaThread "Finalizer" daemon [_thread_blocked, id=4615, stack(0x00007f7f0929f000,0x00007f7f093a0000)]
  0x00007f7f10076800 JavaThread "Reference Handler" daemon [_thread_blocked, id=4614, stack(0x00007f7f093a0000,0x00007f7f094a1000)]
  0x00007f7f10009800 JavaThread "main" [_thread_blocked, id=4604, stack(0x00007f7f16fa9000,0x00007f7f170aa000)]

Other Threads:
=>0x00007f7f10072000 VMThread [stack: 0x00007f7f094a1000,0x00007f7f095a2000] [id=4613]
  0x00007f7f100aa800 WatcherThread [stack: 0x00007f7f086b7000,0x00007f7f087b8000] [id=4620]

VM state:at safepoint (normal execution)

VM Mutex/Monitor currently owned by a thread:  ([mutex/lock_event])
[0x00007f7f10006030] Threads_lock - owner thread: 0x00007f7f10072000
[0x00007f7f10006530] Heap_lock - owner thread: 0x00007f7f10009800

Heap
 PSYoungGen      total 139264K, used 3737K [0x00000007ad080000, 0x00000007b6280000, 0x0000000800000000)
  eden space 129024K, 0% used [0x00000007ad080000,0x00000007ad080000,0x00000007b4e80000)
  from space 10240K, 36% used [0x00000007b4e80000,0x00000007b5226408,0x00000007b5880000)
  to   space 10240K, 0% used [0x00000007b5880000,0x00000007b5880000,0x00000007b6280000)
 ParOldGen       total 169472K, used 24K [0x0000000707200000, 0x0000000711780000, 0x00000007ad080000)
  object space 169472K, 0% used [0x0000000707200000,0x0000000707206000,0x0000000711780000)
 PSPermGen       total 21504K, used 9678K [0x0000000702000000, 0x0000000703500000, 0x0000000707200000)
  object space 21504K, 45% used [0x0000000702000000,0x0000000702973bd8,0x0000000703500000)

Card table byte_map: [0x00007f7f0c80f000,0x00007f7f0d000000] byte_map_base: 0x00007f7f08fff000

Polling page: 0x00007f7f170c7000

Code Cache  [0x00007f7f0d000000, 0x00007f7f0d270000, 0x00007f7f10000000)
 total_blobs=485 nmethods=38 adapters=401 free_code_cache=48529Kb largest_free_block=49672896

Compilation events (10 events):
Event: 0.404 Thread 0x00007f7f1009d800 nmethod 33 0x00007f7f0d099f50 code [0x00007f7f0d09a0a0, 0x00007f7f0d09a258]
Event: 0.404 Thread 0x00007f7f1009d800   35             java.lang.StringBuilder::append (8 bytes)
Event: 0.406 Thread 0x00007f7f1009a800 nmethod 34 0x00007f7f0d099850 code [0x00007f7f0d0999c0, 0x00007f7f0d099c68]
Event: 0.406 Thread 0x00007f7f1009a800   36             java.lang.AbstractStringBuilder::append (70 bytes)
Event: 0.408 Thread 0x00007f7f1009d800 nmethod 35 0x00007f7f0d0991d0 code [0x00007f7f0d099340, 0x00007f7f0d099610]
Event: 0.408 Thread 0x00007f7f1009d800   37 %           org.wso2.devstudio.splash.DevSSplashScreen::<init> @ 18 (90 bytes)
Event: 0.408 Thread 0x00007f7f1009a800 nmethod 36 0x00007f7f0d09c490 code [0x00007f7f0d09c600, 0x00007f7f0d09c8c8]
Event: 0.424 Thread 0x00007f7f1009d800 nmethod 37% 0x00007f7f0d09b150 code [0x00007f7f0d09b340, 0x00007f7f0d09bd80]
Event: 0.425 Thread 0x00007f7f1009a800   38 %           org.wso2.devstudio.splash.DevSSplashScreen::<init> @ 18 (90 bytes)
Event: 0.436 Thread 0x00007f7f1009a800 nmethod 38% 0x00007f7f0d09d7d0 code [0x00007f7f0d09d9c0, 0x00007f7f0d09e450]

GC Heap History (9 events):
Event: 0.460 GC heap before
{Heap before GC invocations=1 (full 0):
 PSYoungGen      total 74752K, used 64512K [0x00000007ad080000, 0x00000007b2380000, 0x0000000800000000)
  eden space 64512K, 100% used [0x00000007ad080000,0x00000007b0f80000,0x00000007b0f80000)
  from space 10240K, 0% used [0x00000007b1980000,0x00000007b1980000,0x00000007b2380000)
  to   space 10240K, 0% used [0x00000007b0f80000,0x00000007b0f80000,0x00000007b1980000)
 ParOldGen       total 169472K, used 0K [0x0000000707200000, 0x0000000711780000, 0x00000007ad080000)
  object space 169472K, 0% used [0x0000000707200000,0x0000000707200000,0x0000000711780000)
 PSPermGen       total 21504K, used 9677K [0x0000000702000000, 0x0000000703500000, 0x0000000707200000)
  object space 21504K, 45% used [0x0000000702000000,0x00000007029737f8,0x0000000703500000)
Event: 0.464 GC heap after
Heap after GC invocations=1 (full 0):
 PSYoungGen      total 74752K, used 3026K [0x00000007ad080000, 0x00000007b2380000, 0x0000000800000000)
  eden space 64512K, 0% used [0x00000007ad080000,0x00000007ad080000,0x00000007b0f80000)
  from space 10240K, 29% used [0x00000007b0f80000,0x00000007b1274ae0,0x00000007b1980000)
  to   space 10240K, 0% used [0x00000007b1980000,0x00000007b1980000,0x00000007b2380000)
 ParOldGen       total 169472K, used 8K [0x0000000707200000, 0x0000000711780000, 0x00000007ad080000)
  object space 169472K, 0% used [0x0000000707200000,0x0000000707202000,0x0000000711780000)
 PSPermGen       total 21504K, used 9677K [0x0000000702000000, 0x0000000703500000, 0x0000000707200000)
  object space 21504K, 45% used [0x0000000702000000,0x00000007029737f8,0x0000000703500000)
}
Event: 0.483 GC heap before
{Heap before GC invocations=2 (full 0):
 PSYoungGen      total 74752K, used 67538K [0x00000007ad080000, 0x00000007b2380000, 0x0000000800000000)
  eden space 64512K, 100% used [0x00000007ad080000,0x00000007b0f80000,0x00000007b0f80000)
  from space 10240K, 29% used [0x00000007b0f80000,0x00000007b1274ae0,0x00000007b1980000)
  to   space 10240K, 0% used [0x00000007b1980000,0x00000007b1980000,0x00000007b2380000)
 ParOldGen       total 169472K, used 8K [0x0000000707200000, 0x0000000711780000, 0x00000007ad080000)
  object space 169472K, 0% used [0x0000000707200000,0x0000000707202000,0x0000000711780000)
 PSPermGen       total 21504K, used 9677K [0x0000000702000000, 0x0000000703500000, 0x0000000707200000)
  object space 21504K, 45% used [0x0000000702000000,0x00000007029737f8,0x0000000703500000)
Event: 0.491 GC heap after
Heap after GC invocations=2 (full 0):
 PSYoungGen      total 74752K, used 4515K [0x00000007ad080000, 0x00000007b6280000, 0x0000000800000000)
  eden space 64512K, 0% used [0x00000007ad080000,0x00000007ad080000,0x00000007b0f80000)
  from space 10240K, 44% used [0x00000007b1980000,0x00000007b1de8d90,0x00000007b2380000)
  to   space 10240K, 0% used [0x00000007b0f80000,0x00000007b0f80000,0x00000007b1980000)
 ParOldGen       total 169472K, used 16K [0x0000000707200000, 0x0000000711780000, 0x00000007ad080000)
  object space 169472K, 0% used [0x0000000707200000,0x0000000707204000,0x0000000711780000)
 PSPermGen       total 21504K, used 9677K [0x0000000702000000, 0x0000000703500000, 0x0000000707200000)
  object space 21504K, 45% used [0x0000000702000000,0x00000007029737f8,0x0000000703500000)
}
Event: 0.511 GC heap before
{Heap before GC invocations=3 (full 0):
 PSYoungGen      total 74752K, used 69027K [0x00000007ad080000, 0x00000007b6280000, 0x0000000800000000)
  eden space 64512K, 100% used [0x00000007ad080000,0x00000007b0f80000,0x00000007b0f80000)
  from space 10240K, 44% used [0x00000007b1980000,0x00000007b1de8d90,0x00000007b2380000)
  to   space 10240K, 0% used [0x00000007b0f80000,0x00000007b0f80000,0x00000007b1980000)
 ParOldGen       total 169472K, used 16K [0x0000000707200000, 0x0000000711780000, 0x00000007ad080000)
  object space 169472K, 0% used [0x0000000707200000,0x0000000707204000,0x0000000711780000)
 PSPermGen       total 21504K, used 9678K [0x0000000702000000, 0x0000000703500000, 0x0000000707200000)
  object space 21504K, 45% used [0x0000000702000000,0x0000000702973970,0x0000000703500000)
Event: 0.514 GC heap after
Heap after GC invocations=3 (full 0):
 PSYoungGen      total 74752K, used 4497K [0x00000007ad080000, 0x00000007b6280000, 0x0000000800000000)
  eden space 64512K, 0% used [0x00000007ad080000,0x00000007ad080000,0x00000007b0f80000)
  from space 10240K, 43% used [0x00000007b0f80000,0x00000007b13e4570,0x00000007b1980000)
  to   space 10240K, 0% used [0x00000007b5880000,0x00000007b5880000,0x00000007b6280000)
 ParOldGen       total 169472K, used 16K [0x0000000707200000, 0x0000000711780000, 0x00000007ad080000)
  object space 169472K, 0% used [0x0000000707200000,0x0000000707204000,0x0000000711780000)
 PSPermGen       total 21504K, used 9678K [0x0000000702000000, 0x0000000703500000, 0x0000000707200000)
  object space 21504K, 45% used [0x0000000702000000,0x0000000702973970,0x0000000703500000)
}
Event: 0.534 GC heap before
{Heap before GC invocations=4 (full 0):
 PSYoungGen      total 74752K, used 69009K [0x00000007ad080000, 0x00000007b6280000, 0x0000000800000000)
  eden space 64512K, 100% used [0x00000007ad080000,0x00000007b0f80000,0x00000007b0f80000)
  from space 10240K, 43% used [0x00000007b0f80000,0x00000007b13e4570,0x00000007b1980000)
  to   space 10240K, 0% used [0x00000007b5880000,0x00000007b5880000,0x00000007b6280000)
 ParOldGen       total 169472K, used 16K [0x0000000707200000, 0x0000000711780000, 0x00000007ad080000)
  object space 169472K, 0% used [0x0000000707200000,0x0000000707204000,0x0000000711780000)
 PSPermGen       total 21504K, used 9678K [0x0000000702000000, 0x0000000703500000, 0x0000000707200000)
  object space 21504K, 45% used [0x0000000702000000,0x0000000702973a80,0x0000000703500000)
Event: 0.536 GC heap after
Heap after GC invocations=4 (full 0):
 PSYoungGen      total 139264K, used 4497K [0x00000007ad080000, 0x00000007b6280000, 0x0000000800000000)
  eden space 129024K, 0% used [0x00000007ad080000,0x00000007ad080000,0x00000007b4e80000)
  from space 10240K, 43% used [0x00000007b5880000,0x00000007b5ce4570,0x00000007b6280000)
  to   space 10240K, 0% used [0x00000007b4e80000,0x00000007b4e80000,0x00000007b5880000)
 ParOldGen       total 169472K, used 24K [0x0000000707200000, 0x0000000711780000, 0x00000007ad080000)
  object space 169472K, 0% used [0x0000000707200000,0x0000000707206000,0x0000000711780000)
 PSPermGen       total 21504K, used 9678K [0x0000000702000000, 0x0000000703500000, 0x0000000707200000)
  object space 21504K, 45% used [0x0000000702000000,0x0000000702973a80,0x0000000703500000)
}
Event: 0.591 GC heap before
{Heap before GC invocations=5 (full 0):
 PSYoungGen      total 139264K, used 133521K [0x00000007ad080000, 0x00000007b6280000, 0x0000000800000000)
  eden space 129024K, 100% used [0x00000007ad080000,0x00000007b4e80000,0x00000007b4e80000)
  from space 10240K, 43% used [0x00000007b5880000,0x00000007b5ce4570,0x00000007b6280000)
  to   space 10240K, 0% used [0x00000007b4e80000,0x00000007b4e80000,0x00000007b5880000)
 ParOldGen       total 169472K, used 24K [0x0000000707200000, 0x0000000711780000, 0x00000007ad080000)
  object space 169472K, 0% used [0x0000000707200000,0x0000000707206000,0x0000000711780000)
 PSPermGen       total 21504K, used 9678K [0x0000000702000000, 0x0000000703500000, 0x0000000707200000)
  object space 21504K, 45% used [0x0000000702000000,0x0000000702973bd8,0x0000000703500000)

Deoptimization events (1 events):
Event: 0.425 Thread 0x00007f7f10009800 Uncommon trap: reason=unreached action=reinterpret pc=0x00007f7f0d09bbd0 method=org.wso2.devstudio.splash.DevSSplashScreen.<init>()V @ 82

Internal exceptions (10 events):
Event: 0.100 Thread 0x00007f7f10009800 Threw 0x00000007ad0d7df0 at /HUDSON/workspace/7u-2-build-linux-amd64/jdk7u65/1224/hotspot/src/share/vm/prims/jni.cpp:717
Event: 0.189 Thread 0x00007f7f10009800 Threw 0x00000007ad167be8 at /HUDSON/workspace/7u-2-build-linux-amd64/jdk7u65/1224/hotspot/src/share/vm/prims/jvm.cpp:1244
Event: 0.189 Thread 0x00007f7f10009800 Threw 0x00000007ad167d10 at /HUDSON/workspace/7u-2-build-linux-amd64/jdk7u65/1224/hotspot/src/share/vm/prims/jvm.cpp:1244
Event: 0.189 Thread 0x00007f7f10009800 Threw 0x00000007ad169f80 at /HUDSON/workspace/7u-2-build-linux-amd64/jdk7u65/1224/hotspot/src/share/vm/prims/jvm.cpp:1244
Event: 0.189 Thread 0x00007f7f10009800 Threw 0x00000007ad16a0a8 at /HUDSON/workspace/7u-2-build-linux-amd64/jdk7u65/1224/hotspot/src/share/vm/prims/jvm.cpp:1244
Event: 0.258 Thread 0x00007f7f10009800 Threw 0x00000007ad16d0e0 at /HUDSON/workspace/7u-2-build-linux-amd64/jdk7u65/1224/hotspot/src/share/vm/prims/jvm.cpp:1244
Event: 0.380 Thread 0x00007f7f10009800 Threw 0x00000007ad78d580 at /HUDSON/workspace/7u-2-build-linux-amd64/jdk7u65/1224/hotspot/src/share/vm/prims/jvm.cpp:1244
Event: 0.415 Thread 0x00007f7f10009800 Threw 0x00000007adf4d130 at /HUDSON/workspace/7u-2-build-linux-amd64/jdk7u65/1224/hotspot/src/share/vm/prims/jvm.cpp:1244
Event: 0.416 Thread 0x00007f7f10009800 Threw 0x00000007adf4f1d0 at /HUDSON/workspace/7u-2-build-linux-amd64/jdk7u65/1224/hotspot/src/share/vm/prims/jvm.cpp:1244
Event: 0.441 Thread 0x00007f7f101e3800 Threw 0x00000007ad828ac0 at /HUDSON/workspace/7u-2-build-linux-amd64/jdk7u65/1224/hotspot/src/share/vm/prims/jni.cpp:743

Events (10 events):
Event: 0.448 loading class 0x00007f7f101081a0 done
Event: 0.460 Executing VM operation: ParallelGCFailedAllocation
Event: 0.464 Executing VM operation: ParallelGCFailedAllocation done
Event: 0.483 Executing VM operation: ParallelGCFailedAllocation
Event: 0.491 Executing VM operation: ParallelGCFailedAllocation done
Event: 0.511 Executing VM operation: ParallelGCFailedAllocation
Event: 0.514 Executing VM operation: ParallelGCFailedAllocation done
Event: 0.534 Executing VM operation: ParallelGCFailedAllocation
Event: 0.536 Executing VM operation: ParallelGCFailedAllocation done
Event: 0.591 Executing VM operation: ParallelGCFailedAllocation


Dynamic libraries:
00400000-00401000 r-xp 00000000 08:06 13113218                           /usr/lib/jvm/java-7-oracle/bin/java
00600000-00601000 rw-p 00000000 08:06 13113218                           /usr/lib/jvm/java-7-oracle/bin/java
02357000-02378000 rw-p 00000000 00:00 0                                  [heap]
702000000-703500000 rw-p 00000000 00:00 0 
703500000-707200000 rw-p 00000000 00:00 0 
707200000-711780000 rw-p 00000000 00:00 0 
711780000-7ad080000 rw-p 00000000 00:00 0 
7ad080000-7b6280000 rw-p 00000000 00:00 0 
7bd780000-800000000 rw-p 00000000 00:00 0 
7f7ea0000000-7f7ea0179000 rw-p 00000000 00:00 0 
7f7ea0179000-7f7ea4000000 ---p 00000000 00:00 0 
7f7ea8000000-7f7ea802b000 rw-p 00000000 00:00 0 
7f7ea802b000-7f7eac000000 ---p 00000000 00:00 0 
7f7eac000000-7f7eac021000 rw-p 00000000 00:00 0 
7f7eac021000-7f7eb0000000 ---p 00000000 00:00 0 
7f7eb0000000-7f7eb0021000 rw-p 00000000 00:00 0 
7f7eb0021000-7f7eb4000000 ---p 00000000 00:00 0 
7f7eb4000000-7f7eb4021000 rw-p 00000000 00:00 0 
7f7eb4021000-7f7eb8000000 ---p 00000000 00:00 0 
7f7eb8000000-7f7eb8021000 rw-p 00000000 00:00 0 
7f7eb8021000-7f7ebc000000 ---p 00000000 00:00 0 
7f7ebc000000-7f7ebc021000 rw-p 00000000 00:00 0 
7f7ebc021000-7f7ec0000000 ---p 00000000 00:00 0 
7f7ec0000000-7f7ec0322000 rw-p 00000000 00:00 0 
7f7ec0322000-7f7ec4000000 ---p 00000000 00:00 0 
7f7ec4000000-7f7ec4275000 rw-p 00000000 00:00 0 
7f7ec4275000-7f7ec8000000 ---p 00000000 00:00 0 
7f7ec8000000-7f7ec8021000 rw-p 00000000 00:00 0 
7f7ec8021000-7f7ecc000000 ---p 00000000 00:00 0 
7f7ecc000000-7f7ecc021000 rw-p 00000000 00:00 0 
7f7ecc021000-7f7ed0000000 ---p 00000000 00:00 0 
7f7ed0000000-7f7ed0021000 rw-p 00000000 00:00 0 
7f7ed0021000-7f7ed4000000 ---p 00000000 00:00 0 
7f7ed4100000-7f7edc000000 rw-p 00000000 00:00 0 
7f7edc000000-7f7edc021000 rw-p 00000000 00:00 0 
7f7edc021000-7f7ee0000000 ---p 00000000 00:00 0 
7f7ee0000000-7f7ee0021000 rw-p 00000000 00:00 0 
7f7ee0021000-7f7ee4000000 ---p 00000000 00:00 0 
7f7ee4000000-7f7ee4021000 rw-p 00000000 00:00 0 
7f7ee4021000-7f7ee8000000 ---p 00000000 00:00 0 
7f7eec000000-7f7eec021000 rw-p 00000000 00:00 0 
7f7eec021000-7f7ef0000000 ---p 00000000 00:00 0 
7f7ef0000000-7f7ef0021000 rw-p 00000000 00:00 0 
7f7ef0021000-7f7ef4000000 ---p 00000000 00:00 0 
7f7ef55f0000-7f7ef5837000 rw-p 00000000 00:00 0 
7f7ef5837000-7f7ef58fa000 rw-s 00000000 00:04 17367067                   /SYSV00000000 (deleted)
7f7ef58fa000-7f7ef5924000 r-xp 00000000 08:06 12977487                   /usr/lib/jvm/java-7-oracle/jre/lib/amd64/libdcpr.so
7f7ef5924000-7f7ef5b24000 ---p 0002a000 08:06 12977487                   /usr/lib/jvm/java-7-oracle/jre/lib/amd64/libdcpr.so
7f7ef5b24000-7f7ef5b27000 rw-p 0002a000 08:06 12977487                   /usr/lib/jvm/java-7-oracle/jre/lib/amd64/libdcpr.so
7f7ef5b27000-7f7ef5b2a000 ---p 00000000 00:00 0 
7f7ef5b2a000-7f7ef5c28000 rw-p 00000000 00:00 0                          [stack:4625]
7f7ef5c28000-7f7ef5c91000 r-xp 00000000 08:06 12977509                   /usr/lib/jvm/java-7-oracle/jre/lib/amd64/libt2k.so
7f7ef5c91000-7f7ef5e90000 ---p 00069000 08:06 12977509                   /usr/lib/jvm/java-7-oracle/jre/lib/amd64/libt2k.so
7f7ef5e90000-7f7ef5e97000 rw-p 00068000 08:06 12977509                   /usr/lib/jvm/java-7-oracle/jre/lib/amd64/libt2k.so
7f7ef5e97000-7f7ef5ea7000 rw-p 00000000 00:00 0 
7f7ef5ea7000-7f7ef5ebc000 r-xp 00000000 08:06 2097157                    /lib/x86_64-linux-gnu/libgcc_s.so.1
7f7ef5ebc000-7f7ef60bb000 ---p 00015000 08:06 2097157                    /lib/x86_64-linux-gnu/libgcc_s.so.1
7f7ef60bb000-7f7ef60bc000 r--p 00014000 08:06 2097157                    /lib/x86_64-linux-gnu/libgcc_s.so.1
7f7ef60bc000-7f7ef60bd000 rw-p 00015000 08:06 2097157                    /lib/x86_64-linux-gnu/libgcc_s.so.1
7f7ef60bd000-7f7ef6122000 r-xp 00000000 08:06 12977508                   /usr/lib/jvm/java-7-oracle/jre/lib/amd64/libfontmanager.so
7f7ef6122000-7f7ef6321000 ---p 00065000 08:06 12977508                   /usr/lib/jvm/java-7-oracle/jre/lib/amd64/libfontmanager.so
7f7ef6321000-7f7ef6325000 rw-p 00064000 08:06 12977508                   /usr/lib/jvm/java-7-oracle/jre/lib/amd64/libfontmanager.so
7f7ef6325000-7f7ef6336000 rw-p 00000000 00:00 0 
7f7ef6336000-7f7ef6339000 ---p 00000000 00:00 0 
7f7ef6339000-7f7ef6437000 rw-p 00000000 00:00 0                          [stack:4624]
7f7ef6437000-7f7ef644d000 r-xp 00000000 08:06 12979536                   /usr/lib/jvm/java-7-oracle/jre/lib/amd64/libnet.so
7f7ef644d000-7f7ef664d000 ---p 00016000 08:06 12979536                   /usr/lib/jvm/java-7-oracle/jre/lib/amd64/libnet.so
7f7ef664d000-7f7ef664e000 rw-p 00016000 08:06 12979536                   /usr/lib/jvm/java-7-oracle/jre/lib/amd64/libnet.so
7f7ef664e000-7f7ef665e000 r-xp 00000000 08:06 12977486                   /usr/lib/jvm/java-7-oracle/jre/lib/amd64/libnio.so
7f7ef665e000-7f7ef685e000 ---p 00010000 08:06 12977486                   /usr/lib/jvm/java-7-oracle/jre/lib/amd64/libnio.so
7f7ef685e000-7f7ef685f000 rw-p 00010000 08:06 12977486                   /usr/lib/jvm/java-7-oracle/jre/lib/amd64/libnio.so
7f7ef685f000-7f7ef6862000 ---p 00000000 00:00 0 
7f7ef6862000-7f7ef6960000 rw-p 00000000 00:00 0                          [stack:4623]
7f7ef6960000-7f7ef6963000 ---p 00000000 00:00 0 
7f7ef6963000-7f7ef6a61000 rw-p 00000000 00:00 0                          [stack:4622]
7f7ef6a61000-7f7ef6a66000 r-xp 00000000 08:06 12721677                   /usr/lib/x86_64-linux-gnu/libXfixes.so.3.1.0
7f7ef6a66000-7f7ef6c65000 ---p 00005000 08:06 12721677                   /usr/lib/x86_64-linux-gnu/libXfixes.so.3.1.0
7f7ef6c65000-7f7ef6c66000 r--p 00004000 08:06 12721677                   /usr/lib/x86_64-linux-gnu/libXfixes.so.3.1.0
7f7ef6c66000-7f7ef6c67000 rw-p 00005000 08:06 12721677                   /usr/lib/x86_64-linux-gnu/libXfixes.so.3.1.0
7f7ef6c67000-7f7ef6c70000 r-xp 00000000 08:06 12721669                   /usr/lib/x86_64-linux-gnu/libXcursor.so.1.0.2
7f7ef6c70000-7f7ef6e6f000 ---p 00009000 08:06 12721669                   /usr/lib/x86_64-linux-gnu/libXcursor.so.1.0.2
7f7ef6e6f000-7f7ef6e70000 r--p 00008000 08:06 12721669                   /usr/lib/x86_64-linux-gnu/libXcursor.so.1.0.2
7f7ef6e70000-7f7ef6e71000 rw-p 00009000 08:06 12721669                   /usr/lib/x86_64-linux-gnu/libXcursor.so.1.0.2
7f7ef6e71000-7f7ef6e76000 r-xp 00000000 08:06 12721673                   /usr/lib/x86_64-linux-gnu/libXdmcp.so.6.0.0
7f7ef6e76000-7f7ef7075000 ---p 00005000 08:06 12721673                   /usr/lib/x86_64-linux-gnu/libXdmcp.so.6.0.0
7f7ef7075000-7f7ef7076000 r--p 00004000 08:06 12721673                   /usr/lib/x86_64-linux-gnu/libXdmcp.so.6.0.0
7f7ef7076000-7f7ef7077000 rw-p 00005000 08:06 12721673                   /usr/lib/x86_64-linux-gnu/libXdmcp.so.6.0.0
7f7ef7077000-7f7ef7079000 r-xp 00000000 08:06 12721662                   /usr/lib/x86_64-linux-gnu/libXau.so.6.0.0
7f7ef7079000-7f7ef7279000 ---p 00002000 08:06 12721662                   /usr/lib/x86_64-linux-gnu/libXau.so.6.0.0
7f7ef7279000-7f7ef727a000 r--p 00002000 08:06 12721662                   /usr/lib/x86_64-linux-gnu/libXau.so.6.0.0
7f7ef727a000-7f7ef727b000 rw-p 00003000 08:06 12721662                   /usr/lib/x86_64-linux-gnu/libXau.so.6.0.0
7f7ef727b000-7f7ef7298000 r-xp 00000000 08:06 12722614                   /usr/lib/x86_64-linux-gnu/libxcb.so.1.1.0
7f7ef7298000-7f7ef7497000 ---p 0001d000 08:06 12722614                   /usr/lib/x86_64-linux-gnu/libxcb.so.1.1.0
7f7ef7497000-7f7ef7498000 r--p 0001c000 08:06 12722614                   /usr/lib/x86_64-linux-gnu/libxcb.so.1.1.0
7f7ef7498000-7f7ef7499000 rw-p 0001d000 08:06 12722614                   /usr/lib/x86_64-linux-gnu/libxcb.so.1.1.0
7f7ef7499000-7f7ef74a8000 r-xp 00000000 08:06 12721683                   /usr/lib/x86_64-linux-gnu/libXi.so.6.1.0
7f7ef74a8000-7f7ef76a7000 ---p 0000f000 08:06 12721683                   /usr/lib/x86_64-linux-gnu/libXi.so.6.1.0
7f7ef76a7000-7f7ef76a8000 r--p 0000e000 08:06 12721683                   /usr/lib/x86_64-linux-gnu/libXi.so.6.1.0
7f7ef76a8000-7f7ef76a9000 rw-p 0000f000 08:06 12721683                   /usr/lib/x86_64-linux-gnu/libXi.so.6.1.0
7f7ef76a9000-7f7ef76ae000 r-xp 00000000 08:06 12721701                   /usr/lib/x86_64-linux-gnu/libXtst.so.6.1.0
7f7ef76ae000-7f7ef78ad000 ---p 00005000 08:06 12721701                   /usr/lib/x86_64-linux-gnu/libXtst.so.6.1.0
7f7ef78ad000-7f7ef78ae000 r--p 00004000 08:06 12721701                   /usr/lib/x86_64-linux-gnu/libXtst.so.6.1.0
7f7ef78ae000-7f7ef78af000 rw-p 00005000 08:06 12721701                   /usr/lib/x86_64-linux-gnu/libXtst.so.6.1.0
7f7ef78af000-7f7ef78b8000 r-xp 00000000 08:06 12721697                   /usr/lib/x86_64-linux-gnu/libXrender.so.1.3.0
7f7ef78b8000-7f7ef7ab7000 ---p 00009000 08:06 12721697                   /usr/lib/x86_64-linux-gnu/libXrender.so.1.3.0
7f7ef7ab7000-7f7ef7ab8000 r--p 00008000 08:06 12721697                   /usr/lib/x86_64-linux-gnu/libXrender.so.1.3.0
7f7ef7ab8000-7f7ef7ab9000 rw-p 00009000 08:06 12721697                   /usr/lib/x86_64-linux-gnu/libXrender.so.1.3.0
7f7ef7ab9000-7f7ef7be9000 r-xp 00000000 08:06 12721658                   /usr/lib/x86_64-linux-gnu/libX11.so.6.3.0
7f7ef7be9000-7f7ef7de9000 ---p 00130000 08:06 12721658                   /usr/lib/x86_64-linux-gnu/libX11.so.6.3.0
7f7ef7de9000-7f7ef7dea000 r--p 00130000 08:06 12721658                   /usr/lib/x86_64-linux-gnu/libX11.so.6.3.0
7f7ef7dea000-7f7ef7dee000 rw-p 00131000 08:06 12721658                   /usr/lib/x86_64-linux-gnu/libX11.so.6.3.0
7f7ef7dee000-7f7ef7dff000 r-xp 00000000 08:06 12721675                   /usr/lib/x86_64-linux-gnu/libXext.so.6.4.0
7f7ef7dff000-7f7ef7ffe000 ---p 00011000 08:06 12721675                   /usr/lib/x86_64-linux-gnu/libXext.so.6.4.0
7f7ef7ffe000-7f7ef7fff000 r--p 00010000 08:06 12721675                   /usr/lib/x86_64-linux-gnu/libXext.so.6.4.0
7f7ef7fff000-7f7ef8000000 rw-p 00011000 08:06 12721675                   /usr/lib/x86_64-linux-gnu/libXext.so.6.4.0
7f7ef8000000-7f7ef8021000 rw-p 00000000 00:00 0 
7f7ef8021000-7f7efc000000 ---p 00000000 00:00 0 
7f7efc000000-7f7efc021000 rw-p 00000000 00:00 0 
7f7efc021000-7f7f00000000 ---p 00000000 00:00 0 
7f7f00000000-7f7f00021000 rw-p 00000000 00:00 0 
7f7f00021000-7f7f04000000 ---p 00000000 00:00 0 
7f7f04000000-7f7f04021000 rw-p 00000000 00:00 0 
7f7f04021000-7f7f08000000 ---p 00000000 00:00 0 
7f7f0802b000-7f7f0802c000 rw-p 00000000 00:00 0 
7f7f0802c000-7f7f08037000 r--s 00000000 08:06 262233                     /var/cache/fontconfig/945677eb7aeaf62f1d50efc3fb3ec7d8-le64.cache-4
7f7f08037000-7f7f08039000 r--s 00000000 08:06 262235                     /var/cache/fontconfig/99e8ed0e538f840c565b6ed5dad60d56-le64.cache-4
7f7f08039000-7f7f0803f000 r--s 00000000 08:06 262219                     /var/cache/fontconfig/2cd17615ca594fa2959ae173292e504c-le64.cache-4
7f7f0803f000-7f7f08046000 r--s 00000000 08:06 262237                     /var/cache/fontconfig/a755afe4a08bf5b97852ceb7400b47bc-le64.cache-4
7f7f08046000-7f7f0804a000 r--s 00000000 08:06 262228                     /var/cache/fontconfig/6d41288fd70b0be22e8c3a91e032eec0-le64.cache-4
7f7f0804a000-7f7f0805e000 r--s 00000000 08:06 262214                     /var/cache/fontconfig/04aabc0a78ac019cf9454389977116d2-le64.cache-4
7f7f0805e000-7f7f0808f000 rw-p 00000000 00:00 0 
7f7f0808f000-7f7f08092000 ---p 00000000 00:00 0 
7f7f08092000-7f7f08190000 rw-p 00000000 00:00 0                          [stack:4621]
7f7f08190000-7f7f081e0000 r-xp 00000000 08:06 12977516                   /usr/lib/jvm/java-7-oracle/jre/lib/amd64/xawt/libmawt.so
7f7f081e0000-7f7f083e0000 ---p 00050000 08:06 12977516                   /usr/lib/jvm/java-7-oracle/jre/lib/amd64/xawt/libmawt.so
7f7f083e0000-7f7f083e4000 rw-p 00050000 08:06 12977516                   /usr/lib/jvm/java-7-oracle/jre/lib/amd64/xawt/libmawt.so
7f7f083e4000-7f7f083e5000 rw-p 00000000 00:00 0 
7f7f083e5000-7f7f08487000 r-xp 00000000 08:06 12977517                   /usr/lib/jvm/java-7-oracle/jre/lib/amd64/libawt.so
7f7f08487000-7f7f08687000 ---p 000a2000 08:06 12977517                   /usr/lib/jvm/java-7-oracle/jre/lib/amd64/libawt.so
7f7f08687000-7f7f08693000 rw-p 000a2000 08:06 12977517                   /usr/lib/jvm/java-7-oracle/jre/lib/amd64/libawt.so
7f7f08693000-7f7f086b7000 rw-p 00000000 00:00 0 
7f7f086b7000-7f7f086b8000 ---p 00000000 00:00 0 
7f7f086b8000-7f7f087b8000 rw-p 00000000 00:00 0                          [stack:4620]
7f7f087b8000-7f7f087bb000 ---p 00000000 00:00 0 
7f7f087bb000-7f7f088b9000 rw-p 00000000 00:00 0                          [stack:4619]
7f7f088b9000-7f7f088bc000 ---p 00000000 00:00 0 
7f7f088bc000-7f7f089ba000 rw-p 00000000 00:00 0                          [stack:4618]
7f7f089ba000-7f7f089bd000 ---p 00000000 00:00 0 
7f7f089bd000-7f7f08abb000 rw-p 00000000 00:00 0                          [stack:4617]
7f7f08abb000-7f7f08abe000 ---p 00000000 00:00 0 
7f7f08abe000-7f7f08bbc000 rw-p 00000000 00:00 0                          [stack:4616]
7f7f08bbc000-7f7f0929f000 r--p 00000000 08:06 12720749                   /usr/lib/locale/locale-archive
7f7f0929f000-7f7f092a2000 ---p 00000000 00:00 0 
7f7f092a2000-7f7f093a0000 rw-p 00000000 00:00 0                          [stack:4615]
7f7f093a0000-7f7f093a3000 ---p 00000000 00:00 0 
7f7f093a3000-7f7f094a1000 rw-p 00000000 00:00 0                          [stack:4614]
7f7f094a1000-7f7f094a2000 ---p 00000000 00:00 0 
7f7f094a2000-7f7f0b231000 rw-p 00000000 00:00 0                          [stack:4613]
7f7f0b231000-7f7f0b3f0000 r--s 039e5000 08:06 12848582                   /usr/lib/jvm/java-7-oracle/jre/lib/rt.jar
7f7f0b3f0000-7f7f0bcd9000 rw-p 00000000 00:00 0 
7f7f0bcd9000-7f7f0bcda000 ---p 00000000 00:00 0 
7f7f0bcda000-7f7f0bdda000 rw-p 00000000 00:00 0                          [stack:4612]
7f7f0bdda000-7f7f0bddb000 ---p 00000000 00:00 0 
7f7f0bddb000-7f7f0bedb000 rw-p 00000000 00:00 0                          [stack:4611]
7f7f0bedb000-7f7f0bedc000 ---p 00000000 00:00 0 
7f7f0bedc000-7f7f0bfdc000 rw-p 00000000 00:00 0                          [stack:4610]
7f7f0bfdc000-7f7f0bfdd000 ---p 00000000 00:00 0 
7f7f0bfdd000-7f7f0c0dd000 rw-p 00000000 00:00 0                          [stack:4609]
7f7f0c0dd000-7f7f0c0de000 ---p 00000000 00:00 0 
7f7f0c0de000-7f7f0c1de000 rw-p 00000000 00:00 0                          [stack:4608]
7f7f0c1de000-7f7f0c1df000 ---p 00000000 00:00 0 
7f7f0c1df000-7f7f0c332000 rw-p 00000000 00:00 0                          [stack:4607]
7f7f0c332000-7f7f0c80f000 rw-p 00000000 00:00 0 
7f7f0c80f000-7f7f0c81a000 rw-p 00000000 00:00 0 
7f7f0c81a000-7f7f0c838000 rw-p 00000000 00:00 0 
7f7f0c838000-7f7f0c88b000 rw-p 00000000 00:00 0 
7f7f0c88b000-7f7f0cd67000 rw-p 00000000 00:00 0 
7f7f0cd67000-7f7f0cdb1000 rw-p 00000000 00:00 0 
7f7f0cdb1000-7f7f0cfff000 rw-p 00000000 00:00 0 
7f7f0cfff000-7f7f0d000000 rw-p 00000000 00:00 0 
7f7f0d000000-7f7f0d270000 rwxp 00000000 00:00 0 
7f7f0d270000-7f7f1022b000 rw-p 00000000 00:00 0 
7f7f1022b000-7f7f14000000 ---p 00000000 00:00 0 
7f7f14000000-7f7f14001000 r--s 00000000 08:06 262240                     /var/cache/fontconfig/c05880de57d1f5e948fdfacc138775d9-le64.cache-4
7f7f14001000-7f7f14002000 r--s 00000000 08:06 262250                     /var/cache/fontconfig/e7071f4a29fa870f4323321c154eba04-le64.cache-4
7f7f14002000-7f7f14006000 r--s 00000000 08:06 271047                     /var/cache/fontconfig/de156ccd2eddbdc19d37a45b8b2aac9c-le64.cache-4
7f7f14006000-7f7f1400a000 r--s 00000000 08:06 262222                     /var/cache/fontconfig/385c0604a188198f04d133e54aba7fe7-le64.cache-4
7f7f1400a000-7f7f1401d000 r--s 00000000 08:06 262244                     /var/cache/fontconfig/d52a8644073d54c13679302ca1180695-le64.cache-4
7f7f1401d000-7f7f1406d000 rw-p 00000000 00:00 0 
7f7f1406d000-7f7f1406e000 ---p 00000000 00:00 0 
7f7f1406e000-7f7f1416e000 rw-p 00000000 00:00 0                          [stack:4606]
7f7f1416e000-7f7f1416f000 ---p 00000000 00:00 0 
7f7f1416f000-7f7f1427a000 rw-p 00000000 00:00 0                          [stack:4605]
7f7f1427a000-7f7f14298000 rw-p 00000000 00:00 0 
7f7f14298000-7f7f142b2000 r-xp 00000000 08:06 12977535                   /usr/lib/jvm/java-7-oracle/jre/lib/amd64/libzip.so
7f7f142b2000-7f7f144b2000 ---p 0001a000 08:06 12977535                   /usr/lib/jvm/java-7-oracle/jre/lib/amd64/libzip.so
7f7f144b2000-7f7f144b3000 rw-p 0001a000 08:06 12977535                   /usr/lib/jvm/java-7-oracle/jre/lib/amd64/libzip.so
7f7f144b3000-7f7f144bf000 r-xp 00000000 08:06 2101104                    /lib/x86_64-linux-gnu/libnss_files-2.17.so
7f7f144bf000-7f7f146be000 ---p 0000c000 08:06 2101104                    /lib/x86_64-linux-gnu/libnss_files-2.17.so
7f7f146be000-7f7f146bf000 r--p 0000b000 08:06 2101104                    /lib/x86_64-linux-gnu/libnss_files-2.17.so
7f7f146bf000-7f7f146c0000 rw-p 0000c000 08:06 2101104                    /lib/x86_64-linux-gnu/libnss_files-2.17.so
7f7f146c0000-7f7f146cb000 r-xp 00000000 08:06 2101108                    /lib/x86_64-linux-gnu/libnss_nis-2.17.so
7f7f146cb000-7f7f148ca000 ---p 0000b000 08:06 2101108                    /lib/x86_64-linux-gnu/libnss_nis-2.17.so
7f7f148ca000-7f7f148cb000 r--p 0000a000 08:06 2101108                    /lib/x86_64-linux-gnu/libnss_nis-2.17.so
7f7f148cb000-7f7f148cc000 rw-p 0000b000 08:06 2101108                    /lib/x86_64-linux-gnu/libnss_nis-2.17.so
7f7f148cc000-7f7f148e3000 r-xp 00000000 08:06 2101098                    /lib/x86_64-linux-gnu/libnsl-2.17.so
7f7f148e3000-7f7f14ae2000 ---p 00017000 08:06 2101098                    /lib/x86_64-linux-gnu/libnsl-2.17.so
7f7f14ae2000-7f7f14ae3000 r--p 00016000 08:06 2101098                    /lib/x86_64-linux-gnu/libnsl-2.17.so
7f7f14ae3000-7f7f14ae4000 rw-p 00017000 08:06 2101098                    /lib/x86_64-linux-gnu/libnsl-2.17.so
7f7f14ae4000-7f7f14ae6000 rw-p 00000000 00:00 0 
7f7f14ae6000-7f7f14aee000 r-xp 00000000 08:06 2101100                    /lib/x86_64-linux-gnu/libnss_compat-2.17.so
7f7f14aee000-7f7f14ced000 ---p 00008000 08:06 2101100                    /lib/x86_64-linux-gnu/libnss_compat-2.17.so
7f7f14ced000-7f7f14cee000 r--p 00007000 08:06 2101100                    /lib/x86_64-linux-gnu/libnss_compat-2.17.so
7f7f14cee000-7f7f14cef000 rw-p 00008000 08:06 2101100                    /lib/x86_64-linux-gnu/libnss_compat-2.17.so
7f7f14cef000-7f7f14d18000 r-xp 00000000 08:06 12977523                   /usr/lib/jvm/java-7-oracle/jre/lib/amd64/libjava.so
7f7f14d18000-7f7f14f18000 ---p 00029000 08:06 12977523                   /usr/lib/jvm/java-7-oracle/jre/lib/amd64/libjava.so
7f7f14f18000-7f7f14f1a000 rw-p 00029000 08:06 12977523                   /usr/lib/jvm/java-7-oracle/jre/lib/amd64/libjava.so
7f7f14f1a000-7f7f14f27000 r-xp 00000000 08:06 12977512                   /usr/lib/jvm/java-7-oracle/jre/lib/amd64/libverify.so
7f7f14f27000-7f7f15126000 ---p 0000d000 08:06 12977512                   /usr/lib/jvm/java-7-oracle/jre/lib/amd64/libverify.so
7f7f15126000-7f7f15128000 rw-p 0000c000 08:06 12977512                   /usr/lib/jvm/java-7-oracle/jre/lib/amd64/libverify.so
7f7f15128000-7f7f1512f000 r-xp 00000000 08:06 2101151                    /lib/x86_64-linux-gnu/librt-2.17.so
7f7f1512f000-7f7f1532e000 ---p 00007000 08:06 2101151                    /lib/x86_64-linux-gnu/librt-2.17.so
7f7f1532e000-7f7f1532f000 r--p 00006000 08:06 2101151                    /lib/x86_64-linux-gnu/librt-2.17.so
7f7f1532f000-7f7f15330000 rw-p 00007000 08:06 2101151                    /lib/x86_64-linux-gnu/librt-2.17.so
7f7f15330000-7f7f15433000 r-xp 00000000 08:06 2101079                    /lib/x86_64-linux-gnu/libm-2.17.so
7f7f15433000-7f7f15632000 ---p 00103000 08:06 2101079                    /lib/x86_64-linux-gnu/libm-2.17.so
7f7f15632000-7f7f15633000 r--p 00102000 08:06 2101079                    /lib/x86_64-linux-gnu/libm-2.17.so
7f7f15633000-7f7f15634000 rw-p 00103000 08:06 2101079                    /lib/x86_64-linux-gnu/libm-2.17.so
7f7f15634000-7f7f161a4000 r-xp 00000000 08:06 12979532                   /usr/lib/jvm/java-7-oracle/jre/lib/amd64/server/libjvm.so
7f7f161a4000-7f7f163a3000 ---p 00b70000 08:06 12979532                   /usr/lib/jvm/java-7-oracle/jre/lib/amd64/server/libjvm.so
7f7f163a3000-7f7f16468000 rw-p 00b6f000 08:06 12979532                   /usr/lib/jvm/java-7-oracle/jre/lib/amd64/server/libjvm.so
7f7f16468000-7f7f164a8000 rw-p 00000000 00:00 0 
7f7f164a8000-7f7f16665000 r-xp 00000000 08:06 2101028                    /lib/x86_64-linux-gnu/libc-2.17.so
7f7f16665000-7f7f16865000 ---p 001bd000 08:06 2101028                    /lib/x86_64-linux-gnu/libc-2.17.so
7f7f16865000-7f7f16869000 r--p 001bd000 08:06 2101028                    /lib/x86_64-linux-gnu/libc-2.17.so
7f7f16869000-7f7f1686b000 rw-p 001c1000 08:06 2101028                    /lib/x86_64-linux-gnu/libc-2.17.so
7f7f1686b000-7f7f16870000 rw-p 00000000 00:00 0 
7f7f16870000-7f7f16873000 r-xp 00000000 08:06 2101043                    /lib/x86_64-linux-gnu/libdl-2.17.so
7f7f16873000-7f7f16a72000 ---p 00003000 08:06 2101043                    /lib/x86_64-linux-gnu/libdl-2.17.so
7f7f16a72000-7f7f16a73000 r--p 00002000 08:06 2101043                    /lib/x86_64-linux-gnu/libdl-2.17.so
7f7f16a73000-7f7f16a74000 rw-p 00003000 08:06 2101043                    /lib/x86_64-linux-gnu/libdl-2.17.so
7f7f16a74000-7f7f16a8a000 r-xp 00000000 08:06 13375145                   /usr/lib/jvm/java-7-oracle/lib/amd64/jli/libjli.so
7f7f16a8a000-7f7f16c8a000 ---p 00016000 08:06 13375145                   /usr/lib/jvm/java-7-oracle/lib/amd64/jli/libjli.so
7f7f16c8a000-7f7f16c8b000 rw-p 00016000 08:06 13375145                   /usr/lib/jvm/java-7-oracle/lib/amd64/jli/libjli.so
7f7f16c8b000-7f7f16ca2000 r-xp 00000000 08:06 2101143                    /lib/x86_64-linux-gnu/libpthread-2.17.so
7f7f16ca2000-7f7f16ea2000 ---p 00017000 08:06 2101143                    /lib/x86_64-linux-gnu/libpthread-2.17.so
7f7f16ea2000-7f7f16ea3000 r--p 00017000 08:06 2101143                    /lib/x86_64-linux-gnu/libpthread-2.17.so
7f7f16ea3000-7f7f16ea4000 rw-p 00018000 08:06 2101143                    /lib/x86_64-linux-gnu/libpthread-2.17.so
7f7f16ea4000-7f7f16ea8000 rw-p 00000000 00:00 0 
7f7f16ea8000-7f7f16ecb000 r-xp 00000000 08:06 2101004                    /lib/x86_64-linux-gnu/ld-2.17.so
7f7f16ecb000-7f7f16ecc000 r--s 00000000 08:06 262216                     /var/cache/fontconfig/0d8c3b2ac0904cb8a57a757ad11a4a08-le64.cache-4
7f7f16ecc000-7f7f16ecd000 r--s 00000000 08:06 262218                     /var/cache/fontconfig/1ac9eb803944fde146138c791f5cc56a-le64.cache-4
7f7f16ecd000-7f7f16ece000 r--s 00000000 08:06 262247                     /var/cache/fontconfig/dc05db6664285cc2f12bf69c139ae4c3-le64.cache-4
7f7f16ece000-7f7f16ed0000 r--s 00000000 08:06 262230                     /var/cache/fontconfig/767a8244fc0220cfb567a839d0392e0b-le64.cache-4
7f7f16ed0000-7f7f16ed1000 r--s 00000000 08:06 263511                     /var/cache/fontconfig/4794a0821666d79190d59a36cb4f44b5-le64.cache-4
7f7f16ed1000-7f7f16ed4000 r--s 00000000 08:06 262232                     /var/cache/fontconfig/8801497958630a81b71ace7c5f9b32a8-le64.cache-4
7f7f16ed4000-7f7f16edb000 r--s 00000000 08:06 262220                     /var/cache/fontconfig/3047814df9a2f067bd2d96a2b9c36e5a-le64.cache-4
7f7f16edb000-7f7f16edc000 r--s 00000000 08:06 262225                     /var/cache/fontconfig/56cf4f4769d0f4abc89a4895d7bd3ae1-le64.cache-4
7f7f16edc000-7f7f16ee9000 r--s 00000000 08:06 271172                     /var/cache/fontconfig/e13b20fdb08344e0e664864cc2ede53d-le64.cache-4
7f7f16ee9000-7f7f16ef3000 rw-p 00000000 00:00 0 
7f7f16ef3000-7f7f16fa9000 rw-p 00000000 00:00 0 
7f7f16fa9000-7f7f16fac000 ---p 00000000 00:00 0 
7f7f16fac000-7f7f170ae000 rw-p 00000000 00:00 0                          [stack:4604]
7f7f170ae000-7f7f170af000 r--s 00000000 08:06 262239                     /var/cache/fontconfig/b9d506c9ac06c20b433354fa67a72993-le64.cache-4
7f7f170af000-7f7f170b5000 r--s 00000000 08:06 262238                     /var/cache/fontconfig/b47c4e1ecd0709278f4910c18777a504-le64.cache-4
7f7f170b5000-7f7f170b9000 r--s 00000000 08:06 262245                     /var/cache/fontconfig/d589a48862398ed80a3d6066f4f56f4c-le64.cache-4
7f7f170b9000-7f7f170ba000 r--s 00000000 08:06 262215                     /var/cache/fontconfig/0c9eb80ebd1c36541ebe2852d3bb0c49-le64.cache-4
7f7f170ba000-7f7f170be000 r--s 00000000 08:06 270796                     /var/cache/fontconfig/7ef2298fde41cc6eeb7af42e48b7d293-le64.cache-4
7f7f170be000-7f7f170c6000 rw-s 00000000 08:06 9185853                    /tmp/hsperfdata_root/4596
7f7f170c6000-7f7f170c7000 rw-p 00000000 00:00 0 
7f7f170c7000-7f7f170c8000 ---p 00000000 00:00 0 
7f7f170c8000-7f7f170ca000 rw-p 00000000 00:00 0 
7f7f170ca000-7f7f170cb000 r--p 00022000 08:06 2101004                    /lib/x86_64-linux-gnu/ld-2.17.so
7f7f170cb000-7f7f170cd000 rw-p 00023000 08:06 2101004                    /lib/x86_64-linux-gnu/ld-2.17.so
7fffc84e7000-7fffc8508000 rw-p 00000000 00:00 0                          [stack]
7fffc8568000-7fffc856a000 r-xp 00000000 00:00 0                          [vdso]
ffffffffff600000-ffffffffff601000 r-xp 00000000 00:00 0                  [vsyscall]

VM Arguments:
jvm_args: -Dfile.encoding=UTF-8 
java_command: org.wso2.devstudio.splash.DevSSplashScreen
Launcher Type: SUN_STANDARD

Environment Variables:
JAVA_HOME=/usr/lib/jvm/java-7-oracle
PATH=/usr/local/sbin:/usr/local/bin:/usr/sbin:/usr/bin:/sbin:/bin:/usr/games:/usr/local/games:/usr/lib/jvm/java-7-oracle/jre
USERNAME=root
SHELL=/bin/bash
DISPLAY=:0

Signal Handlers:
SIGSEGV: [libjvm.so+0x99f4a0], sa_mask[0]=0x7ffbfeff, sa_flags=0x10000004
SIGBUS: [libjvm.so+0x99f4a0], sa_mask[0]=0x7ffbfeff, sa_flags=0x10000004
SIGFPE: [libjvm.so+0x81a860], sa_mask[0]=0x7ffbfeff, sa_flags=0x10000004
SIGPIPE: [libjvm.so+0x81a860], sa_mask[0]=0x7ffbfeff, sa_flags=0x10000004
SIGXFSZ: [libjvm.so+0x81a860], sa_mask[0]=0x7ffbfeff, sa_flags=0x10000004
SIGILL: [libjvm.so+0x81a860], sa_mask[0]=0x7ffbfeff, sa_flags=0x10000004
SIGUSR1: SIG_DFL, sa_mask[0]=0x00000000, sa_flags=0x00000000
SIGUSR2: [libjvm.so+0x81c060], sa_mask[0]=0x00000004, sa_flags=0x10000004
SIGHUP: [libjvm.so+0x81d160], sa_mask[0]=0x7ffbfeff, sa_flags=0x10000004
SIGINT: [libjvm.so+0x81d160], sa_mask[0]=0x7ffbfeff, sa_flags=0x10000004
SIGTERM: [libjvm.so+0x81d160], sa_mask[0]=0x7ffbfeff, sa_flags=0x10000004
SIGQUIT: [libjvm.so+0x81d160], sa_mask[0]=0x7ffbfeff, sa_flags=0x10000004


---------------  S Y S T E M  ---------------

OS:wheezy/sid

uname:Linux 3.11.0-26-generic #45-Ubuntu SMP Tue Jul 15 04:02:06 UTC 2014 x86_64
libc:glibc 2.17 NPTL 2.17 
rlimit: STACK 8192k, CORE 0k, NPROC 126672, NOFILE 4096, AS infinity
load average:2.32 1.60 0.72

/proc/meminfo:
MemTotal:       16309336 kB
MemFree:          154884 kB
Buffers:             500 kB
Cached:           400624 kB
SwapCached:            0 kB
Active:         15482228 kB
Inactive:         387916 kB
Active(anon):   15472284 kB
Inactive(anon):   373164 kB
Active(file):       9944 kB
Inactive(file):    14752 kB
Unevictable:          48 kB
Mlocked:              48 kB
SwapTotal:             0 kB
SwapFree:              0 kB
Dirty:                56 kB
Writeback:             0 kB
AnonPages:      15470000 kB
Mapped:           174508 kB
Shmem:            376040 kB
Slab:              72368 kB
SReclaimable:      27044 kB
SUnreclaim:        45324 kB
KernelStack:        9384 kB
PageTables:        77524 kB
NFS_Unstable:          0 kB
Bounce:                0 kB
WritebackTmp:          0 kB
CommitLimit:     8154668 kB
Committed_AS:   28118760 kB
VmallocTotal:   34359738367 kB
VmallocUsed:      373052 kB
VmallocChunk:   34359360600 kB
HardwareCorrupted:     0 kB
AnonHugePages:         0 kB
HugePages_Total:       0
HugePages_Free:        0
HugePages_Rsvd:        0
HugePages_Surp:        0
Hugepagesize:       2048 kB
DirectMap4k:       69636 kB
DirectMap2M:     1921024 kB
DirectMap1G:    14680064 kB


CPU:total 8 (4 cores per cpu, 2 threads per core) family 6 model 60 stepping 3, cmov, cx8, fxsr, mmx, sse, sse2, sse3, ssse3, sse4.1, sse4.2, popcnt, avx, avx2, aes, erms, ht, tsc, tscinvbit

/proc/cpuinfo:
processor	: 0
vendor_id	: GenuineIntel
cpu family	: 6
model		: 60
model name	: Intel(R) Core(TM) i7-4800MQ CPU @ 2.70GHz
stepping	: 3
microcode	: 0x17
cpu MHz		: 2400.000
cache size	: 6144 KB
physical id	: 0
siblings	: 8
core id		: 0
cpu cores	: 4
apicid		: 0
initial apicid	: 0
fpu		: yes
fpu_exception	: yes
cpuid level	: 13
wp		: yes
flags		: fpu vme de pse tsc msr pae mce cx8 apic sep mtrr pge mca cmov pat pse36 clflush dts acpi mmx fxsr sse sse2 ss ht tm pbe syscall nx pdpe1gb rdtscp lm constant_tsc arch_perfmon pebs bts rep_good nopl xtopology nonstop_tsc aperfmperf eagerfpu pni pclmulqdq dtes64 monitor ds_cpl vmx smx est tm2 ssse3 fma cx16 xtpr pdcm pcid sse4_1 sse4_2 x2apic movbe popcnt tsc_deadline_timer aes xsave avx f16c rdrand lahf_lm abm ida arat epb xsaveopt pln pts dtherm tpr_shadow vnmi flexpriority ept vpid fsgsbase tsc_adjust bmi1 hle avx2 smep bmi2 erms invpcid rtm
bogomips	: 5387.82
clflush size	: 64
cache_alignment	: 64
address sizes	: 39 bits physical, 48 bits virtual
power management:

processor	: 1
vendor_id	: GenuineIntel
cpu family	: 6
model		: 60
model name	: Intel(R) Core(TM) i7-4800MQ CPU @ 2.70GHz
stepping	: 3
microcode	: 0x17
cpu MHz		: 800.000
cache size	: 6144 KB
physical id	: 0
siblings	: 8
core id		: 0
cpu cores	: 4
apicid		: 1
initial apicid	: 1
fpu		: yes
fpu_exception	: yes
cpuid level	: 13
wp		: yes
flags		: fpu vme de pse tsc msr pae mce cx8 apic sep mtrr pge mca cmov pat pse36 clflush dts acpi mmx fxsr sse sse2 ss ht tm pbe syscall nx pdpe1gb rdtscp lm constant_tsc arch_perfmon pebs bts rep_good nopl xtopology nonstop_tsc aperfmperf eagerfpu pni pclmulqdq dtes64 monitor ds_cpl vmx smx est tm2 ssse3 fma cx16 xtpr pdcm pcid sse4_1 sse4_2 x2apic movbe popcnt tsc_deadline_timer aes xsave avx f16c rdrand lahf_lm abm ida arat epb xsaveopt pln pts dtherm tpr_shadow vnmi flexpriority ept vpid fsgsbase tsc_adjust bmi1 hle avx2 smep bmi2 erms invpcid rtm
bogomips	: 5387.82
clflush size	: 64
cache_alignment	: 64
address sizes	: 39 bits physical, 48 bits virtual
power management:

processor	: 2
vendor_id	: GenuineIntel
cpu family	: 6
model		: 60
model name	: Intel(R) Core(TM) i7-4800MQ CPU @ 2.70GHz
stepping	: 3
microcode	: 0x17
cpu MHz		: 1300.000
cache size	: 6144 KB
physical id	: 0
siblings	: 8
core id		: 1
cpu cores	: 4
apicid		: 2
initial apicid	: 2
fpu		: yes
fpu_exception	: yes
cpuid level	: 13
wp		: yes
flags		: fpu vme de pse tsc msr pae mce cx8 apic sep mtrr pge mca cmov pat pse36 clflush dts acpi mmx fxsr sse sse2 ss ht tm pbe syscall nx pdpe1gb rdtscp lm constant_tsc arch_perfmon pebs bts rep_good nopl xtopology nonstop_tsc aperfmperf eagerfpu pni pclmulqdq dtes64 monitor ds_cpl vmx smx est tm2 ssse3 fma cx16 xtpr pdcm pcid sse4_1 sse4_2 x2apic movbe popcnt tsc_deadline_timer aes xsave avx f16c rdrand lahf_lm abm ida arat epb xsaveopt pln pts dtherm tpr_shadow vnmi flexpriority ept vpid fsgsbase tsc_adjust bmi1 hle avx2 smep bmi2 erms invpcid rtm
bogomips	: 5387.82
clflush size	: 64
cache_alignment	: 64
address sizes	: 39 bits physical, 48 bits virtual
power management:

processor	: 3
vendor_id	: GenuineIntel
cpu family	: 6
model		: 60
model name	: Intel(R) Core(TM) i7-4800MQ CPU @ 2.70GHz
stepping	: 3
microcode	: 0x17
cpu MHz		: 800.000
cache size	: 6144 KB
physical id	: 0
siblings	: 8
core id		: 1
cpu cores	: 4
apicid		: 3
initial apicid	: 3
fpu		: yes
fpu_exception	: yes
cpuid level	: 13
wp		: yes
flags		: fpu vme de pse tsc msr pae mce cx8 apic sep mtrr pge mca cmov pat pse36 clflush dts acpi mmx fxsr sse sse2 ss ht tm pbe syscall nx pdpe1gb rdtscp lm constant_tsc arch_perfmon pebs bts rep_good nopl xtopology nonstop_tsc aperfmperf eagerfpu pni pclmulqdq dtes64 monitor ds_cpl vmx smx est tm2 ssse3 fma cx16 xtpr pdcm pcid sse4_1 sse4_2 x2apic movbe popcnt tsc_deadline_timer aes xsave avx f16c rdrand lahf_lm abm ida arat epb xsaveopt pln pts dtherm tpr_shadow vnmi flexpriority ept vpid fsgsbase tsc_adjust bmi1 hle avx2 smep bmi2 erms invpcid rtm
bogomips	: 5387.82
clflush size	: 64
cache_alignment	: 64
address sizes	: 39 bits physical, 48 bits virtual
power management:

processor	: 4
vendor_id	: GenuineIntel
cpu family	: 6
model		: 60
model name	: Intel(R) Core(TM) i7-4800MQ CPU @ 2.70GHz
stepping	: 3
microcode	: 0x17
cpu MHz		: 2701.000
cache size	: 6144 KB
physical id	: 0
siblings	: 8
core id		: 2
cpu cores	: 4
apicid		: 4
initial apicid	: 4
fpu		: yes
fpu_exception	: yes
cpuid level	: 13
wp		: yes
flags		: fpu vme de pse tsc msr pae mce cx8 apic sep mtrr pge mca cmov pat pse36 clflush dts acpi mmx fxsr sse sse2 ss ht tm pbe syscall nx pdpe1gb rdtscp lm constant_tsc arch_perfmon pebs bts rep_good nopl xtopology nonstop_tsc aperfmperf eagerfpu pni pclmulqdq dtes64 monitor ds_cpl vmx smx est tm2 ssse3 fma cx16 xtpr pdcm pcid sse4_1 sse4_2 x2apic movbe popcnt tsc_deadline_timer aes xsave avx f16c rdrand lahf_lm abm ida arat epb xsaveopt pln pts dtherm tpr_shadow vnmi flexpriority ept vpid fsgsbase tsc_adjust bmi1 hle avx2 smep bmi2 erms invpcid rtm
bogomips	: 5387.82
clflush size	: 64
cache_alignment	: 64
address sizes	: 39 bits physical, 48 bits virtual
power management:

processor	: 5
vendor_id	: GenuineIntel
cpu family	: 6
model		: 60
model name	: Intel(R) Core(TM) i7-4800MQ CPU @ 2.70GHz
stepping	: 3
microcode	: 0x17
cpu MHz		: 800.000
cache size	: 6144 KB
physical id	: 0
siblings	: 8
core id		: 2
cpu cores	: 4
apicid		: 5
initial apicid	: 5
fpu		: yes
fpu_exception	: yes
cpuid level	: 13
wp		: yes
flags		: fpu vme de pse tsc msr pae mce cx8 apic sep mtrr pge mca cmov pat pse36 clflush dts acpi mmx fxsr sse sse2 ss ht tm pbe syscall nx pdpe1gb rdtscp lm constant_tsc arch_perfmon pebs bts rep_good nopl xtopology nonstop_tsc aperfmperf eagerfpu pni pclmulqdq dtes64 monitor ds_cpl vmx smx est tm2 ssse3 fma cx16 xtpr pdcm pcid sse4_1 sse4_2 x2apic movbe popcnt tsc_deadline_timer aes xsave avx f16c rdrand lahf_lm abm ida arat epb xsaveopt pln pts dtherm tpr_shadow vnmi flexpriority ept vpid fsgsbase tsc_adjust bmi1 hle avx2 smep bmi2 erms invpcid rtm
bogomips	: 5387.82
clflush size	: 64
cache_alignment	: 64
address sizes	: 39 bits physical, 48 bits virtual
power management:

processor	: 6
vendor_id	: GenuineIntel
cpu family	: 6
model		: 60
model name	: Intel(R) Core(TM) i7-4800MQ CPU @ 2.70GHz
stepping	: 3
microcode	: 0x17
cpu MHz		: 800.000
cache size	: 6144 KB
physical id	: 0
siblings	: 8
core id		: 3
cpu cores	: 4
apicid		: 6
initial apicid	: 6
fpu		: yes
fpu_exception	: yes
cpuid level	: 13
wp		: yes
flags		: fpu vme de pse tsc msr pae mce cx8 apic sep mtrr pge mca cmov pat pse36 clflush dts acpi mmx fxsr sse sse2 ss ht tm pbe syscall nx pdpe1gb rdtscp lm constant_tsc arch_perfmon pebs bts rep_good nopl xtopology nonstop_tsc aperfmperf eagerfpu pni pclmulqdq dtes64 monitor ds_cpl vmx smx est tm2 ssse3 fma cx16 xtpr pdcm pcid sse4_1 sse4_2 x2apic movbe popcnt tsc_deadline_timer aes xsave avx f16c rdrand lahf_lm abm ida arat epb xsaveopt pln pts dtherm tpr_shadow vnmi flexpriority ept vpid fsgsbase tsc_adjust bmi1 hle avx2 smep bmi2 erms invpcid rtm
bogomips	: 5387.82
clflush size	: 64
cache_alignment	: 64
address sizes	: 39 bits physical, 48 bits virtual
power management:

processor	: 7
vendor_id	: GenuineIntel
cpu family	: 6
model		: 60
model name	: Intel(R) Core(TM) i7-4800MQ CPU @ 2.70GHz
stepping	: 3
microcode	: 0x17
cpu MHz		: 800.000
cache size	: 6144 KB
physical id	: 0
siblings	: 8
core id		: 3
cpu cores	: 4
apicid		: 7
initial apicid	: 7
fpu		: yes
fpu_exception	: yes
cpuid level	: 13
wp		: yes
flags		: fpu vme de pse tsc msr pae mce cx8 apic sep mtrr pge mca cmov pat pse36 clflush dts acpi mmx fxsr sse sse2 ss ht tm pbe syscall nx pdpe1gb rdtscp lm constant_tsc arch_perfmon pebs bts rep_good nopl xtopology nonstop_tsc aperfmperf eagerfpu pni pclmulqdq dtes64 monitor ds_cpl vmx smx est tm2 ssse3 fma cx16 xtpr pdcm pcid sse4_1 sse4_2 x2apic movbe popcnt tsc_deadline_timer aes xsave avx f16c rdrand lahf_lm abm ida arat epb xsaveopt pln pts dtherm tpr_shadow vnmi flexpriority ept vpid fsgsbase tsc_adjust bmi1 hle avx2 smep bmi2 erms invpcid rtm
bogomips	: 5387.82
clflush size	: 64
cache_alignment	: 64
address sizes	: 39 bits physical, 48 bits virtual
power management:



Memory: 4k page, physical 16309336k(154884k free), swap 0k(0k free)

vm_info: Java HotSpot(TM) 64-Bit Server VM (24.65-b04) for linux-amd64 JRE (1.7.0_65-b17), built on Jun 16 2014 20:55:34 by "java_re" with gcc 4.3.0 20080428 (Red Hat 4.3.0-8)

time: Fri Oct  3 16:46:17 2014
elapsed time: 0 seconds

