#
# There is insufficient memory for the Java Runtime Environment to continue.
# Native memory allocation (malloc) failed to allocate 132120576 bytes for committing reserved memory.
# Possible reasons:
#   The system is out of physical RAM or swap space
#   In 32 bit mode, the process size limit was hit
# Possible solutions:
#   Reduce memory load on the system
#   Increase physical memory or swap space
#   Check if swap backing store is full
#   Use 64 bit Java on a 64 bit OS
#   Decrease Java heap size (-Xmx/-Xms)
#   Decrease number of Java threads
#   Decrease Java thread stack sizes (-Xss)
#   Set larger code cache with -XX:ReservedCodeCacheSize=
# This output file may be truncated or incomplete.
#
#  Out of Memory Error (os_linux.cpp:2745), pid=4626, tid=140187838306048
#
# JRE version: Java(TM) SE Runtime Environment (7.0_65-b17) (build 1.7.0_65-b17)
# Java VM: Java HotSpot(TM) 64-Bit Server VM (24.65-b04 mixed mode linux-amd64 compressed oops)
# Failed to write core dump. Core dumps have been disabled. To enable core dumping, try "ulimit -c unlimited" before starting Java again
#

---------------  T H R E A D  ---------------

Current thread (0x00007f8020072000):  VMThread [stack: 0x00007f80063dd000,0x00007f80064de000] [id=4640]

Stack: [0x00007f80063dd000,0x00007f80064de000],  sp=0x00007f80064dc1d0,  free space=1020k
Native frames: (J=compiled Java code, j=interpreted, Vv=VM code, C=native code)
V  [libjvm.so+0x99eb8a]  VMError::report_and_die()+0x2ea
V  [libjvm.so+0x49721b]  report_vm_out_of_memory(char const*, int, unsigned long, char const*)+0x9b
V  [libjvm.so+0x81d9ae]  os::Linux::commit_memory_impl(char*, unsigned long, bool)+0xfe
V  [libjvm.so+0x81def9]  os::pd_commit_memory(char*, unsigned long, unsigned long, bool)+0x29
V  [libjvm.so+0x817caa]  os::commit_memory(char*, unsigned long, unsigned long, bool)+0x2a
V  [libjvm.so+0x88a7a3]  PSVirtualSpace::expand_by(unsigned long)+0x53
V  [libjvm.so+0x88bb78]  PSYoungGen::resize_generation(unsigned long, unsigned long)+0xf8
V  [libjvm.so+0x88ace2]  PSYoungGen::resize(unsigned long, unsigned long)+0x22
V  [libjvm.so+0x888133]  PSScavenge::invoke_no_policy()+0xfb3
V  [libjvm.so+0x8888e1]  PSScavenge::invoke()+0x41
V  [libjvm.so+0x83f510]  ParallelScavengeHeap::failed_mem_allocate(unsigned long)+0x70
V  [libjvm.so+0x9a0417]  VM_ParallelGCFailedAllocation::doit()+0x97
V  [libjvm.so+0x9a78b5]  VM_Operation::evaluate()+0x55
V  [libjvm.so+0x9a5c7a]  VMThread::evaluate_operation(VM_Operation*)+0xba
V  [libjvm.so+0x9a5ffe]  VMThread::loop()+0x1ce
V  [libjvm.so+0x9a6470]  VMThread::run()+0x70
V  [libjvm.so+0x81f988]  java_start(Thread*)+0x108

VM_Operation (0x00007f8027fd1760): ParallelGCFailedAllocation, mode: safepoint, requested by thread 0x00007f8020009800


---------------  P R O C E S S  ---------------

Java Threads: ( => current thread )
  0x00007f80201ef000 JavaThread "AWT-EventQueue-0" [_thread_blocked, id=4652, stack(0x00007f7ffeab0000,0x00007f7ffebb1000)]
  0x00007f80201ba800 JavaThread "AWT-Shutdown" [_thread_blocked, id=4651, stack(0x00007f7fff2bf000,0x00007f7fff3c0000)]
  0x00007f802018c800 JavaThread "Image Fetcher 0" daemon [_thread_blocked, id=4650, stack(0x00007f7fff7e8000,0x00007f7fff8e9000)]
  0x00007f8020182000 JavaThread "AWT-XAWT" daemon [_thread_blocked, id=4649, stack(0x00007f7fff8e9000,0x00007f7fff9ea000)]
  0x00007f8020142800 JavaThread "Java2D Disposer" daemon [_thread_blocked, id=4648, stack(0x00007f8004042000,0x00007f8004143000)]
  0x00007f802009f800 JavaThread "Service Thread" daemon [_thread_blocked, id=4646, stack(0x00007f80056f4000,0x00007f80057f5000)]
  0x00007f802009d800 JavaThread "C2 CompilerThread1" daemon [_thread_blocked, id=4645, stack(0x00007f80057f5000,0x00007f80058f6000)]
  0x00007f802009a800 JavaThread "C2 CompilerThread0" daemon [_thread_blocked, id=4644, stack(0x00007f80058f6000,0x00007f80059f7000)]
  0x00007f8020099000 JavaThread "Signal Dispatcher" daemon [_thread_blocked, id=4643, stack(0x00007f80059f7000,0x00007f8005af8000)]
  0x00007f8020078800 JavaThread "Finalizer" daemon [_thread_blocked, id=4642, stack(0x00007f80061db000,0x00007f80062dc000)]
  0x00007f8020076800 JavaThread "Reference Handler" daemon [_thread_blocked, id=4641, stack(0x00007f80062dc000,0x00007f80063dd000)]
  0x00007f8020009800 JavaThread "main" [_thread_blocked, id=4631, stack(0x00007f8027ed2000,0x00007f8027fd3000)]

Other Threads:
=>0x00007f8020072000 VMThread [stack: 0x00007f80063dd000,0x00007f80064de000] [id=4640]
  0x00007f80200aa800 WatcherThread [stack: 0x00007f80055f3000,0x00007f80056f4000] [id=4647]

VM state:at safepoint (normal execution)

VM Mutex/Monitor currently owned by a thread:  ([mutex/lock_event])
[0x00007f8020006030] Threads_lock - owner thread: 0x00007f8020072000
[0x00007f8020006530] Heap_lock - owner thread: 0x00007f8020009800

Heap
 PSYoungGen      total 139264K, used 4497K [0x00000007ad080000, 0x00000007b6280000, 0x0000000800000000)
  eden space 129024K, 0% used [0x00000007ad080000,0x00000007ad080000,0x00000007b4e80000)
  from space 10240K, 43% used [0x00000007b4e80000,0x00000007b52e4570,0x00000007b5880000)
  to   space 10240K, 0% used [0x00000007b5880000,0x00000007b5880000,0x00000007b6280000)
 ParOldGen       total 169472K, used 16K [0x0000000707200000, 0x0000000711780000, 0x00000007ad080000)
  object space 169472K, 0% used [0x0000000707200000,0x0000000707204000,0x0000000711780000)
 PSPermGen       total 21504K, used 9638K [0x0000000702000000, 0x0000000703500000, 0x0000000707200000)
  object space 21504K, 44% used [0x0000000702000000,0x0000000702969b70,0x0000000703500000)

Card table byte_map: [0x00007f80249d0000,0x00007f80251c1000] byte_map_base: 0x00007f80211c0000

Polling page: 0x00007f8027ff0000

Code Cache  [0x00007f801d000000, 0x00007f801d270000, 0x00007f8020000000)
 total_blobs=483 nmethods=38 adapters=399 free_code_cache=48536Kb largest_free_block=49678592

Compilation events (10 events):
Event: 0.383 Thread 0x00007f802009d800 nmethod 34 0x00007f801d090cd0 code [0x00007f801d090e40, 0x00007f801d0910e8]
Event: 0.383 Thread 0x00007f802009d800   35             java.lang.StringBuilder::append (8 bytes)
Event: 0.384 Thread 0x00007f802009a800 nmethod 33 0x00007f801d090690 code [0x00007f801d0907e0, 0x00007f801d090ad8]
Event: 0.384 Thread 0x00007f802009a800   36             java.lang.AbstractStringBuilder::append (70 bytes)
Event: 0.385 Thread 0x00007f802009d800 nmethod 35 0x00007f801d09a810 code [0x00007f801d09a980, 0x00007f801d09ac50]
Event: 0.385 Thread 0x00007f802009d800   37 %           org.wso2.devstudio.splash.DevSSplashScreen::<init> @ 18 (90 bytes)
Event: 0.387 Thread 0x00007f802009a800 nmethod 36 0x00007f801d09ae50 code [0x00007f801d09afc0, 0x00007f801d09b288]
Event: 0.397 Thread 0x00007f802009d800 nmethod 37% 0x00007f801d095d10 code [0x00007f801d095f00, 0x00007f801d096940]
Event: 0.398 Thread 0x00007f802009a800   38 %           org.wso2.devstudio.splash.DevSSplashScreen::<init> @ 18 (90 bytes)
Event: 0.414 Thread 0x00007f802009a800 nmethod 38% 0x00007f801d09c190 code [0x00007f801d09c380, 0x00007f801d09ce10]

GC Heap History (5 events):
Event: 0.433 GC heap before
{Heap before GC invocations=1 (full 0):
 PSYoungGen      total 74752K, used 64512K [0x00000007ad080000, 0x00000007b2380000, 0x0000000800000000)
  eden space 64512K, 100% used [0x00000007ad080000,0x00000007b0f80000,0x00000007b0f80000)
  from space 10240K, 0% used [0x00000007b1980000,0x00000007b1980000,0x00000007b2380000)
  to   space 10240K, 0% used [0x00000007b0f80000,0x00000007b0f80000,0x00000007b1980000)
 ParOldGen       total 169472K, used 0K [0x0000000707200000, 0x0000000711780000, 0x00000007ad080000)
  object space 169472K, 0% used [0x0000000707200000,0x0000000707200000,0x0000000711780000)
 PSPermGen       total 21504K, used 9638K [0x0000000702000000, 0x0000000703500000, 0x0000000707200000)
  object space 21504K, 44% used [0x0000000702000000,0x00000007029698e8,0x0000000703500000)
Event: 0.440 GC heap after
Heap after GC invocations=1 (full 0):
 PSYoungGen      total 74752K, used 2186K [0x00000007ad080000, 0x00000007b6280000, 0x0000000800000000)
  eden space 64512K, 0% used [0x00000007ad080000,0x00000007ad080000,0x00000007b0f80000)
  from space 10240K, 21% used [0x00000007b0f80000,0x00000007b11a2988,0x00000007b1980000)
  to   space 10240K, 0% used [0x00000007b5880000,0x00000007b5880000,0x00000007b6280000)
 ParOldGen       total 169472K, used 8K [0x0000000707200000, 0x0000000711780000, 0x00000007ad080000)
  object space 169472K, 0% used [0x0000000707200000,0x0000000707202000,0x0000000711780000)
 PSPermGen       total 21504K, used 9638K [0x0000000702000000, 0x0000000703500000, 0x0000000707200000)
  object space 21504K, 44% used [0x0000000702000000,0x00000007029698e8,0x0000000703500000)
}
Event: 0.459 GC heap before
{Heap before GC invocations=2 (full 0):
 PSYoungGen      total 74752K, used 66698K [0x00000007ad080000, 0x00000007b6280000, 0x0000000800000000)
  eden space 64512K, 100% used [0x00000007ad080000,0x00000007b0f80000,0x00000007b0f80000)
  from space 10240K, 21% used [0x00000007b0f80000,0x00000007b11a2988,0x00000007b1980000)
  to   space 10240K, 0% used [0x00000007b5880000,0x00000007b5880000,0x00000007b6280000)
 ParOldGen       total 169472K, used 8K [0x0000000707200000, 0x0000000711780000, 0x00000007ad080000)
  object space 169472K, 0% used [0x0000000707200000,0x0000000707202000,0x0000000711780000)
 PSPermGen       total 21504K, used 9638K [0x0000000702000000, 0x0000000703500000, 0x0000000707200000)
  object space 21504K, 44% used [0x0000000702000000,0x00000007029698e8,0x0000000703500000)
Event: 0.462 GC heap after
Heap after GC invocations=2 (full 0):
 PSYoungGen      total 139264K, used 4497K [0x00000007ad080000, 0x00000007b6280000, 0x0000000800000000)
  eden space 129024K, 0% used [0x00000007ad080000,0x00000007ad080000,0x00000007b4e80000)
  from space 10240K, 43% used [0x00000007b5880000,0x00000007b5ce4570,0x00000007b6280000)
  to   space 10240K, 0% used [0x00000007b4e80000,0x00000007b4e80000,0x00000007b5880000)
 ParOldGen       total 169472K, used 8K [0x0000000707200000, 0x0000000711780000, 0x00000007ad080000)
  object space 169472K, 0% used [0x0000000707200000,0x0000000707202000,0x0000000711780000)
 PSPermGen       total 21504K, used 9638K [0x0000000702000000, 0x0000000703500000, 0x0000000707200000)
  object space 21504K, 44% used [0x0000000702000000,0x00000007029698e8,0x0000000703500000)
}
Event: 0.520 GC heap before
{Heap before GC invocations=3 (full 0):
 PSYoungGen      total 139264K, used 133521K [0x00000007ad080000, 0x00000007b6280000, 0x0000000800000000)
  eden space 129024K, 100% used [0x00000007ad080000,0x00000007b4e80000,0x00000007b4e80000)
  from space 10240K, 43% used [0x00000007b5880000,0x00000007b5ce4570,0x00000007b6280000)
  to   space 10240K, 0% used [0x00000007b4e80000,0x00000007b4e80000,0x00000007b5880000)
 ParOldGen       total 169472K, used 8K [0x0000000707200000, 0x0000000711780000, 0x00000007ad080000)
  object space 169472K, 0% used [0x0000000707200000,0x0000000707202000,0x0000000711780000)
 PSPermGen       total 21504K, used 9638K [0x0000000702000000, 0x0000000703500000, 0x0000000707200000)
  object space 21504K, 44% used [0x0000000702000000,0x0000000702969b70,0x0000000703500000)

Deoptimization events (1 events):
Event: 0.398 Thread 0x00007f8020009800 Uncommon trap: reason=unreached action=reinterpret pc=0x00007f801d096790 method=org.wso2.devstudio.splash.DevSSplashScreen.<init>()V @ 82

Internal exceptions (10 events):
Event: 0.100 Thread 0x00007f8020009800 Threw 0x00000007ad0d7df0 at /HUDSON/workspace/7u-2-build-linux-amd64/jdk7u65/1224/hotspot/src/share/vm/prims/jni.cpp:717
Event: 0.182 Thread 0x00007f8020009800 Threw 0x00000007ad167be8 at /HUDSON/workspace/7u-2-build-linux-amd64/jdk7u65/1224/hotspot/src/share/vm/prims/jvm.cpp:1244
Event: 0.182 Thread 0x00007f8020009800 Threw 0x00000007ad167d10 at /HUDSON/workspace/7u-2-build-linux-amd64/jdk7u65/1224/hotspot/src/share/vm/prims/jvm.cpp:1244
Event: 0.182 Thread 0x00007f8020009800 Threw 0x00000007ad169f80 at /HUDSON/workspace/7u-2-build-linux-amd64/jdk7u65/1224/hotspot/src/share/vm/prims/jvm.cpp:1244
Event: 0.182 Thread 0x00007f8020009800 Threw 0x00000007ad16a0a8 at /HUDSON/workspace/7u-2-build-linux-amd64/jdk7u65/1224/hotspot/src/share/vm/prims/jvm.cpp:1244
Event: 0.247 Thread 0x00007f8020009800 Threw 0x00000007ad16d0e0 at /HUDSON/workspace/7u-2-build-linux-amd64/jdk7u65/1224/hotspot/src/share/vm/prims/jvm.cpp:1244
Event: 0.359 Thread 0x00007f8020009800 Threw 0x00000007ad78c430 at /HUDSON/workspace/7u-2-build-linux-amd64/jdk7u65/1224/hotspot/src/share/vm/prims/jvm.cpp:1244
Event: 0.391 Thread 0x00007f8020009800 Threw 0x00000007adf4c020 at /HUDSON/workspace/7u-2-build-linux-amd64/jdk7u65/1224/hotspot/src/share/vm/prims/jvm.cpp:1244
Event: 0.391 Thread 0x00007f8020009800 Threw 0x00000007adf4e0c0 at /HUDSON/workspace/7u-2-build-linux-amd64/jdk7u65/1224/hotspot/src/share/vm/prims/jvm.cpp:1244
Event: 0.417 Thread 0x00007f80201ef000 Threw 0x00000007ad827620 at /HUDSON/workspace/7u-2-build-linux-amd64/jdk7u65/1224/hotspot/src/share/vm/prims/jni.cpp:743

Events (10 events):
Event: 0.421 loading class 0x00007f7fd803e490 done
Event: 0.421 loading class 0x00007f7fd803e3d0
Event: 0.421 loading class 0x00007f7fd803e3d0 done
Event: 0.421 loading class 0x00007f80201101a0
Event: 0.421 loading class 0x00007f80201101a0 done
Event: 0.432 Executing VM operation: ParallelGCFailedAllocation
Event: 0.440 Executing VM operation: ParallelGCFailedAllocation done
Event: 0.459 Executing VM operation: ParallelGCFailedAllocation
Event: 0.462 Executing VM operation: ParallelGCFailedAllocation done
Event: 0.520 Executing VM operation: ParallelGCFailedAllocation


Dynamic libraries:
00400000-00401000 r-xp 00000000 08:06 13113218                           /usr/lib/jvm/java-7-oracle/bin/java
00600000-00601000 rw-p 00000000 08:06 13113218                           /usr/lib/jvm/java-7-oracle/bin/java
00813000-00834000 rw-p 00000000 00:00 0                                  [heap]
702000000-703500000 rw-p 00000000 00:00 0 
703500000-707200000 rw-p 00000000 00:00 0 
707200000-711780000 rw-p 00000000 00:00 0 
711780000-7ad080000 rw-p 00000000 00:00 0 
7ad080000-7b6280000 rw-p 00000000 00:00 0 
7be080000-800000000 rw-p 00000000 00:00 0 
7f7fb4000000-7f7fb417b000 rw-p 00000000 00:00 0 
7f7fb417b000-7f7fb8000000 ---p 00000000 00:00 0 
7f7fbc000000-7f7fbc033000 rw-p 00000000 00:00 0 
7f7fbc033000-7f7fc0000000 ---p 00000000 00:00 0 
7f7fc0000000-7f7fc0021000 rw-p 00000000 00:00 0 
7f7fc0021000-7f7fc4000000 ---p 00000000 00:00 0 
7f7fc4000000-7f7fc4021000 rw-p 00000000 00:00 0 
7f7fc4021000-7f7fc8000000 ---p 00000000 00:00 0 
7f7fc8000000-7f7fc8021000 rw-p 00000000 00:00 0 
7f7fc8021000-7f7fcc000000 ---p 00000000 00:00 0 
7f7fcc000000-7f7fcc021000 rw-p 00000000 00:00 0 
7f7fcc021000-7f7fd0000000 ---p 00000000 00:00 0 
7f7fd0000000-7f7fd0021000 rw-p 00000000 00:00 0 
7f7fd0021000-7f7fd4000000 ---p 00000000 00:00 0 
7f7fd4000000-7f7fd4285000 rw-p 00000000 00:00 0 
7f7fd4285000-7f7fd8000000 ---p 00000000 00:00 0 
7f7fd8000000-7f7fd8309000 rw-p 00000000 00:00 0 
7f7fd8309000-7f7fdc000000 ---p 00000000 00:00 0 
7f7fdc000000-7f7fdc021000 rw-p 00000000 00:00 0 
7f7fdc021000-7f7fe0000000 ---p 00000000 00:00 0 
7f7fe0000000-7f7fe0021000 rw-p 00000000 00:00 0 
7f7fe0021000-7f7fe4000000 ---p 00000000 00:00 0 
7f7fe4000000-7f7fe4021000 rw-p 00000000 00:00 0 
7f7fe4021000-7f7fe8000000 ---p 00000000 00:00 0 
7f7fe8100000-7f7ff0000000 rw-p 00000000 00:00 0 
7f7ff0000000-7f7ff0021000 rw-p 00000000 00:00 0 
7f7ff0021000-7f7ff4000000 ---p 00000000 00:00 0 
7f7ff4000000-7f7ff4021000 rw-p 00000000 00:00 0 
7f7ff4021000-7f7ff8000000 ---p 00000000 00:00 0 
7f7ff8000000-7f7ff8021000 rw-p 00000000 00:00 0 
7f7ff8021000-7f7ffc000000 ---p 00000000 00:00 0 
7f7ffe4db000-7f7ffe4e6000 r--s 00000000 08:06 262233                     /var/cache/fontconfig/945677eb7aeaf62f1d50efc3fb3ec7d8-le64.cache-4
7f7ffe4e6000-7f7ffe4e8000 r--s 00000000 08:06 262235                     /var/cache/fontconfig/99e8ed0e538f840c565b6ed5dad60d56-le64.cache-4
7f7ffe4e8000-7f7ffe4fc000 r--s 00000000 08:06 262214                     /var/cache/fontconfig/04aabc0a78ac019cf9454389977116d2-le64.cache-4
7f7ffe4fc000-7f7ffe50f000 r--s 00000000 08:06 262244                     /var/cache/fontconfig/d52a8644073d54c13679302ca1180695-le64.cache-4
7f7ffe578000-7f7ffe7c0000 rw-p 00000000 00:00 0 
7f7ffe7c0000-7f7ffe883000 rw-s 00000000 00:04 17432603                   /SYSV00000000 (deleted)
7f7ffe883000-7f7ffe8ad000 r-xp 00000000 08:06 12977487                   /usr/lib/jvm/java-7-oracle/jre/lib/amd64/libdcpr.so
7f7ffe8ad000-7f7ffeaad000 ---p 0002a000 08:06 12977487                   /usr/lib/jvm/java-7-oracle/jre/lib/amd64/libdcpr.so
7f7ffeaad000-7f7ffeab0000 rw-p 0002a000 08:06 12977487                   /usr/lib/jvm/java-7-oracle/jre/lib/amd64/libdcpr.so
7f7ffeab0000-7f7ffeab3000 ---p 00000000 00:00 0 
7f7ffeab3000-7f7ffebb1000 rw-p 00000000 00:00 0                          [stack:4652]
7f7ffebb1000-7f7ffec1a000 r-xp 00000000 08:06 12977509                   /usr/lib/jvm/java-7-oracle/jre/lib/amd64/libt2k.so
7f7ffec1a000-7f7ffee19000 ---p 00069000 08:06 12977509                   /usr/lib/jvm/java-7-oracle/jre/lib/amd64/libt2k.so
7f7ffee19000-7f7ffee20000 rw-p 00068000 08:06 12977509                   /usr/lib/jvm/java-7-oracle/jre/lib/amd64/libt2k.so
7f7ffee20000-7f7ffee30000 rw-p 00000000 00:00 0 
7f7ffee30000-7f7ffee45000 r-xp 00000000 08:06 2097157                    /lib/x86_64-linux-gnu/libgcc_s.so.1
7f7ffee45000-7f7fff044000 ---p 00015000 08:06 2097157                    /lib/x86_64-linux-gnu/libgcc_s.so.1
7f7fff044000-7f7fff045000 r--p 00014000 08:06 2097157                    /lib/x86_64-linux-gnu/libgcc_s.so.1
7f7fff045000-7f7fff046000 rw-p 00015000 08:06 2097157                    /lib/x86_64-linux-gnu/libgcc_s.so.1
7f7fff046000-7f7fff0ab000 r-xp 00000000 08:06 12977508                   /usr/lib/jvm/java-7-oracle/jre/lib/amd64/libfontmanager.so
7f7fff0ab000-7f7fff2aa000 ---p 00065000 08:06 12977508                   /usr/lib/jvm/java-7-oracle/jre/lib/amd64/libfontmanager.so
7f7fff2aa000-7f7fff2ae000 rw-p 00064000 08:06 12977508                   /usr/lib/jvm/java-7-oracle/jre/lib/amd64/libfontmanager.so
7f7fff2ae000-7f7fff2bf000 rw-p 00000000 00:00 0 
7f7fff2bf000-7f7fff2c2000 ---p 00000000 00:00 0 
7f7fff2c2000-7f7fff3c0000 rw-p 00000000 00:00 0                          [stack:4651]
7f7fff3c0000-7f7fff3d6000 r-xp 00000000 08:06 12979536                   /usr/lib/jvm/java-7-oracle/jre/lib/amd64/libnet.so
7f7fff3d6000-7f7fff5d6000 ---p 00016000 08:06 12979536                   /usr/lib/jvm/java-7-oracle/jre/lib/amd64/libnet.so
7f7fff5d6000-7f7fff5d7000 rw-p 00016000 08:06 12979536                   /usr/lib/jvm/java-7-oracle/jre/lib/amd64/libnet.so
7f7fff5d7000-7f7fff5e7000 r-xp 00000000 08:06 12977486                   /usr/lib/jvm/java-7-oracle/jre/lib/amd64/libnio.so
7f7fff5e7000-7f7fff7e7000 ---p 00010000 08:06 12977486                   /usr/lib/jvm/java-7-oracle/jre/lib/amd64/libnio.so
7f7fff7e7000-7f7fff7e8000 rw-p 00010000 08:06 12977486                   /usr/lib/jvm/java-7-oracle/jre/lib/amd64/libnio.so
7f7fff7e8000-7f7fff7eb000 ---p 00000000 00:00 0 
7f7fff7eb000-7f7fff8e9000 rw-p 00000000 00:00 0                          [stack:4650]
7f7fff8e9000-7f7fff8ec000 ---p 00000000 00:00 0 
7f7fff8ec000-7f7fff9ea000 rw-p 00000000 00:00 0                          [stack:4649]
7f7fff9ea000-7f7fff9ef000 r-xp 00000000 08:06 12721677                   /usr/lib/x86_64-linux-gnu/libXfixes.so.3.1.0
7f7fff9ef000-7f7fffbee000 ---p 00005000 08:06 12721677                   /usr/lib/x86_64-linux-gnu/libXfixes.so.3.1.0
7f7fffbee000-7f7fffbef000 r--p 00004000 08:06 12721677                   /usr/lib/x86_64-linux-gnu/libXfixes.so.3.1.0
7f7fffbef000-7f7fffbf0000 rw-p 00005000 08:06 12721677                   /usr/lib/x86_64-linux-gnu/libXfixes.so.3.1.0
7f7fffbf0000-7f7fffbf9000 r-xp 00000000 08:06 12721669                   /usr/lib/x86_64-linux-gnu/libXcursor.so.1.0.2
7f7fffbf9000-7f7fffdf8000 ---p 00009000 08:06 12721669                   /usr/lib/x86_64-linux-gnu/libXcursor.so.1.0.2
7f7fffdf8000-7f7fffdf9000 r--p 00008000 08:06 12721669                   /usr/lib/x86_64-linux-gnu/libXcursor.so.1.0.2
7f7fffdf9000-7f7fffdfa000 rw-p 00009000 08:06 12721669                   /usr/lib/x86_64-linux-gnu/libXcursor.so.1.0.2
7f7fffdfa000-7f7fffdff000 r-xp 00000000 08:06 12721673                   /usr/lib/x86_64-linux-gnu/libXdmcp.so.6.0.0
7f7fffdff000-7f7fffffe000 ---p 00005000 08:06 12721673                   /usr/lib/x86_64-linux-gnu/libXdmcp.so.6.0.0
7f7fffffe000-7f7ffffff000 r--p 00004000 08:06 12721673                   /usr/lib/x86_64-linux-gnu/libXdmcp.so.6.0.0
7f7ffffff000-7f8000000000 rw-p 00005000 08:06 12721673                   /usr/lib/x86_64-linux-gnu/libXdmcp.so.6.0.0
7f8000000000-7f8000021000 rw-p 00000000 00:00 0 
7f8000021000-7f8004000000 ---p 00000000 00:00 0 
7f8004000000-7f8004006000 r--s 00000000 08:06 262219                     /var/cache/fontconfig/2cd17615ca594fa2959ae173292e504c-le64.cache-4
7f8004006000-7f800400d000 r--s 00000000 08:06 262237                     /var/cache/fontconfig/a755afe4a08bf5b97852ceb7400b47bc-le64.cache-4
7f800400d000-7f8004011000 r--s 00000000 08:06 262228                     /var/cache/fontconfig/6d41288fd70b0be22e8c3a91e032eec0-le64.cache-4
7f8004011000-7f8004042000 rw-p 00000000 00:00 0 
7f8004042000-7f8004045000 ---p 00000000 00:00 0 
7f8004045000-7f8004143000 rw-p 00000000 00:00 0                          [stack:4648]
7f8004143000-7f8004145000 r-xp 00000000 08:06 12721662                   /usr/lib/x86_64-linux-gnu/libXau.so.6.0.0
7f8004145000-7f8004345000 ---p 00002000 08:06 12721662                   /usr/lib/x86_64-linux-gnu/libXau.so.6.0.0
7f8004345000-7f8004346000 r--p 00002000 08:06 12721662                   /usr/lib/x86_64-linux-gnu/libXau.so.6.0.0
7f8004346000-7f8004347000 rw-p 00003000 08:06 12721662                   /usr/lib/x86_64-linux-gnu/libXau.so.6.0.0
7f8004347000-7f8004364000 r-xp 00000000 08:06 12722614                   /usr/lib/x86_64-linux-gnu/libxcb.so.1.1.0
7f8004364000-7f8004563000 ---p 0001d000 08:06 12722614                   /usr/lib/x86_64-linux-gnu/libxcb.so.1.1.0
7f8004563000-7f8004564000 r--p 0001c000 08:06 12722614                   /usr/lib/x86_64-linux-gnu/libxcb.so.1.1.0
7f8004564000-7f8004565000 rw-p 0001d000 08:06 12722614                   /usr/lib/x86_64-linux-gnu/libxcb.so.1.1.0
7f8004565000-7f8004574000 r-xp 00000000 08:06 12721683                   /usr/lib/x86_64-linux-gnu/libXi.so.6.1.0
7f8004574000-7f8004773000 ---p 0000f000 08:06 12721683                   /usr/lib/x86_64-linux-gnu/libXi.so.6.1.0
7f8004773000-7f8004774000 r--p 0000e000 08:06 12721683                   /usr/lib/x86_64-linux-gnu/libXi.so.6.1.0
7f8004774000-7f8004775000 rw-p 0000f000 08:06 12721683                   /usr/lib/x86_64-linux-gnu/libXi.so.6.1.0
7f8004775000-7f800477a000 r-xp 00000000 08:06 12721701                   /usr/lib/x86_64-linux-gnu/libXtst.so.6.1.0
7f800477a000-7f8004979000 ---p 00005000 08:06 12721701                   /usr/lib/x86_64-linux-gnu/libXtst.so.6.1.0
7f8004979000-7f800497a000 r--p 00004000 08:06 12721701                   /usr/lib/x86_64-linux-gnu/libXtst.so.6.1.0
7f800497a000-7f800497b000 rw-p 00005000 08:06 12721701                   /usr/lib/x86_64-linux-gnu/libXtst.so.6.1.0
7f800497b000-7f8004984000 r-xp 00000000 08:06 12721697                   /usr/lib/x86_64-linux-gnu/libXrender.so.1.3.0
7f8004984000-7f8004b83000 ---p 00009000 08:06 12721697                   /usr/lib/x86_64-linux-gnu/libXrender.so.1.3.0
7f8004b83000-7f8004b84000 r--p 00008000 08:06 12721697                   /usr/lib/x86_64-linux-gnu/libXrender.so.1.3.0
7f8004b84000-7f8004b85000 rw-p 00009000 08:06 12721697                   /usr/lib/x86_64-linux-gnu/libXrender.so.1.3.0
7f8004b85000-7f8004cb5000 r-xp 00000000 08:06 12721658                   /usr/lib/x86_64-linux-gnu/libX11.so.6.3.0
7f8004cb5000-7f8004eb5000 ---p 00130000 08:06 12721658                   /usr/lib/x86_64-linux-gnu/libX11.so.6.3.0
7f8004eb5000-7f8004eb6000 r--p 00130000 08:06 12721658                   /usr/lib/x86_64-linux-gnu/libX11.so.6.3.0
7f8004eb6000-7f8004eba000 rw-p 00131000 08:06 12721658                   /usr/lib/x86_64-linux-gnu/libX11.so.6.3.0
7f8004eba000-7f8004ecb000 r-xp 00000000 08:06 12721675                   /usr/lib/x86_64-linux-gnu/libXext.so.6.4.0
7f8004ecb000-7f80050ca000 ---p 00011000 08:06 12721675                   /usr/lib/x86_64-linux-gnu/libXext.so.6.4.0
7f80050ca000-7f80050cb000 r--p 00010000 08:06 12721675                   /usr/lib/x86_64-linux-gnu/libXext.so.6.4.0
7f80050cb000-7f80050cc000 rw-p 00011000 08:06 12721675                   /usr/lib/x86_64-linux-gnu/libXext.so.6.4.0
7f80050cc000-7f800511c000 r-xp 00000000 08:06 12977516                   /usr/lib/jvm/java-7-oracle/jre/lib/amd64/xawt/libmawt.so
7f800511c000-7f800531c000 ---p 00050000 08:06 12977516                   /usr/lib/jvm/java-7-oracle/jre/lib/amd64/xawt/libmawt.so
7f800531c000-7f8005320000 rw-p 00050000 08:06 12977516                   /usr/lib/jvm/java-7-oracle/jre/lib/amd64/xawt/libmawt.so
7f8005320000-7f8005321000 rw-p 00000000 00:00 0 
7f8005321000-7f80053c3000 r-xp 00000000 08:06 12977517                   /usr/lib/jvm/java-7-oracle/jre/lib/amd64/libawt.so
7f80053c3000-7f80055c3000 ---p 000a2000 08:06 12977517                   /usr/lib/jvm/java-7-oracle/jre/lib/amd64/libawt.so
7f80055c3000-7f80055cf000 rw-p 000a2000 08:06 12977517                   /usr/lib/jvm/java-7-oracle/jre/lib/amd64/libawt.so
7f80055cf000-7f80055f3000 rw-p 00000000 00:00 0 
7f80055f3000-7f80055f4000 ---p 00000000 00:00 0 
7f80055f4000-7f80056f4000 rw-p 00000000 00:00 0                          [stack:4647]
7f80056f4000-7f80056f7000 ---p 00000000 00:00 0 
7f80056f7000-7f80057f5000 rw-p 00000000 00:00 0                          [stack:4646]
7f80057f5000-7f80057f8000 ---p 00000000 00:00 0 
7f80057f8000-7f80058f6000 rw-p 00000000 00:00 0                          [stack:4645]
7f80058f6000-7f80058f9000 ---p 00000000 00:00 0 
7f80058f9000-7f80059f7000 rw-p 00000000 00:00 0                          [stack:4644]
7f80059f7000-7f80059fa000 ---p 00000000 00:00 0 
7f80059fa000-7f8005af8000 rw-p 00000000 00:00 0                          [stack:4643]
7f8005af8000-7f80061db000 r--p 00000000 08:06 12720749                   /usr/lib/locale/locale-archive
7f80061db000-7f80061de000 ---p 00000000 00:00 0 
7f80061de000-7f80062dc000 rw-p 00000000 00:00 0                          [stack:4642]
7f80062dc000-7f80062df000 ---p 00000000 00:00 0 
7f80062df000-7f80063dd000 rw-p 00000000 00:00 0                          [stack:4641]
7f80063dd000-7f80063de000 ---p 00000000 00:00 0 
7f80063de000-7f8008000000 rw-p 00000000 00:00 0                          [stack:4640]
7f8008000000-7f8008021000 rw-p 00000000 00:00 0 
7f8008021000-7f800c000000 ---p 00000000 00:00 0 
7f800c000000-7f800c021000 rw-p 00000000 00:00 0 
7f800c021000-7f8010000000 ---p 00000000 00:00 0 
7f8010000000-7f8010021000 rw-p 00000000 00:00 0 
7f8010021000-7f8014000000 ---p 00000000 00:00 0 
7f8014000000-7f8014021000 rw-p 00000000 00:00 0 
7f8014021000-7f8018000000 ---p 00000000 00:00 0 
7f8018000000-7f8018021000 rw-p 00000000 00:00 0 
7f8018021000-7f801c000000 ---p 00000000 00:00 0 
7f801c000000-7f801c004000 r--s 00000000 08:06 271047                     /var/cache/fontconfig/de156ccd2eddbdc19d37a45b8b2aac9c-le64.cache-4
7f801c004000-7f801c008000 r--s 00000000 08:06 262222                     /var/cache/fontconfig/385c0604a188198f04d133e54aba7fe7-le64.cache-4
7f801c008000-7f801c154000 rw-p 00000000 00:00 0 
7f801c154000-7f801c313000 r--s 039e5000 08:06 12848582                   /usr/lib/jvm/java-7-oracle/jre/lib/rt.jar
7f801c313000-7f801cbfc000 rw-p 00000000 00:00 0 
7f801cbfc000-7f801cbfd000 ---p 00000000 00:00 0 
7f801cbfd000-7f801ccfd000 rw-p 00000000 00:00 0                          [stack:4639]
7f801ccfd000-7f801ccfe000 ---p 00000000 00:00 0 
7f801ccfe000-7f801cdfe000 rw-p 00000000 00:00 0                          [stack:4638]
7f801cdfe000-7f801cdff000 ---p 00000000 00:00 0 
7f801cdff000-7f801ceff000 rw-p 00000000 00:00 0                          [stack:4637]
7f801ceff000-7f801cf00000 ---p 00000000 00:00 0 
7f801cf00000-7f801d000000 rw-p 00000000 00:00 0                          [stack:4636]
7f801d000000-7f801d270000 rwxp 00000000 00:00 0 
7f801d270000-7f8020229000 rw-p 00000000 00:00 0 
7f8020229000-7f8024000000 ---p 00000000 00:00 0 
7f8024000000-7f8024001000 r--s 00000000 08:06 262240                     /var/cache/fontconfig/c05880de57d1f5e948fdfacc138775d9-le64.cache-4
7f8024001000-7f8024002000 r--s 00000000 08:06 262250                     /var/cache/fontconfig/e7071f4a29fa870f4323321c154eba04-le64.cache-4
7f8024002000-7f8024073000 rw-p 00000000 00:00 0 
7f8024073000-7f8024074000 ---p 00000000 00:00 0 
7f8024074000-7f8024174000 rw-p 00000000 00:00 0                          [stack:4635]
7f8024174000-7f8024175000 ---p 00000000 00:00 0 
7f8024175000-7f8024275000 rw-p 00000000 00:00 0                          [stack:4634]
7f8024275000-7f8024276000 ---p 00000000 00:00 0 
7f8024276000-7f8024376000 rw-p 00000000 00:00 0                          [stack:4633]
7f8024376000-7f8024377000 ---p 00000000 00:00 0 
7f8024377000-7f8024482000 rw-p 00000000 00:00 0                          [stack:4632]
7f8024482000-7f80244a0000 rw-p 00000000 00:00 0 
7f80244a0000-7f80244f3000 rw-p 00000000 00:00 0 
7f80244f3000-7f80249d0000 rw-p 00000000 00:00 0 
7f80249d0000-7f80249db000 rw-p 00000000 00:00 0 
7f80249db000-7f80249f9000 rw-p 00000000 00:00 0 
7f80249f9000-7f8024a4c000 rw-p 00000000 00:00 0 
7f8024a4c000-7f8024f28000 rw-p 00000000 00:00 0 
7f8024f28000-7f8024f72000 rw-p 00000000 00:00 0 
7f8024f72000-7f80251c0000 rw-p 00000000 00:00 0 
7f80251c0000-7f80251c1000 rw-p 00000000 00:00 0 
7f80251c1000-7f80251db000 r-xp 00000000 08:06 12977535                   /usr/lib/jvm/java-7-oracle/jre/lib/amd64/libzip.so
7f80251db000-7f80253db000 ---p 0001a000 08:06 12977535                   /usr/lib/jvm/java-7-oracle/jre/lib/amd64/libzip.so
7f80253db000-7f80253dc000 rw-p 0001a000 08:06 12977535                   /usr/lib/jvm/java-7-oracle/jre/lib/amd64/libzip.so
7f80253dc000-7f80253e8000 r-xp 00000000 08:06 2101104                    /lib/x86_64-linux-gnu/libnss_files-2.17.so
7f80253e8000-7f80255e7000 ---p 0000c000 08:06 2101104                    /lib/x86_64-linux-gnu/libnss_files-2.17.so
7f80255e7000-7f80255e8000 r--p 0000b000 08:06 2101104                    /lib/x86_64-linux-gnu/libnss_files-2.17.so
7f80255e8000-7f80255e9000 rw-p 0000c000 08:06 2101104                    /lib/x86_64-linux-gnu/libnss_files-2.17.so
7f80255e9000-7f80255f4000 r-xp 00000000 08:06 2101108                    /lib/x86_64-linux-gnu/libnss_nis-2.17.so
7f80255f4000-7f80257f3000 ---p 0000b000 08:06 2101108                    /lib/x86_64-linux-gnu/libnss_nis-2.17.so
7f80257f3000-7f80257f4000 r--p 0000a000 08:06 2101108                    /lib/x86_64-linux-gnu/libnss_nis-2.17.so
7f80257f4000-7f80257f5000 rw-p 0000b000 08:06 2101108                    /lib/x86_64-linux-gnu/libnss_nis-2.17.so
7f80257f5000-7f802580c000 r-xp 00000000 08:06 2101098                    /lib/x86_64-linux-gnu/libnsl-2.17.so
7f802580c000-7f8025a0b000 ---p 00017000 08:06 2101098                    /lib/x86_64-linux-gnu/libnsl-2.17.so
7f8025a0b000-7f8025a0c000 r--p 00016000 08:06 2101098                    /lib/x86_64-linux-gnu/libnsl-2.17.so
7f8025a0c000-7f8025a0d000 rw-p 00017000 08:06 2101098                    /lib/x86_64-linux-gnu/libnsl-2.17.so
7f8025a0d000-7f8025a0f000 rw-p 00000000 00:00 0 
7f8025a0f000-7f8025a17000 r-xp 00000000 08:06 2101100                    /lib/x86_64-linux-gnu/libnss_compat-2.17.so
7f8025a17000-7f8025c16000 ---p 00008000 08:06 2101100                    /lib/x86_64-linux-gnu/libnss_compat-2.17.so
7f8025c16000-7f8025c17000 r--p 00007000 08:06 2101100                    /lib/x86_64-linux-gnu/libnss_compat-2.17.so
7f8025c17000-7f8025c18000 rw-p 00008000 08:06 2101100                    /lib/x86_64-linux-gnu/libnss_compat-2.17.so
7f8025c18000-7f8025c41000 r-xp 00000000 08:06 12977523                   /usr/lib/jvm/java-7-oracle/jre/lib/amd64/libjava.so
7f8025c41000-7f8025e41000 ---p 00029000 08:06 12977523                   /usr/lib/jvm/java-7-oracle/jre/lib/amd64/libjava.so
7f8025e41000-7f8025e43000 rw-p 00029000 08:06 12977523                   /usr/lib/jvm/java-7-oracle/jre/lib/amd64/libjava.so
7f8025e43000-7f8025e50000 r-xp 00000000 08:06 12977512                   /usr/lib/jvm/java-7-oracle/jre/lib/amd64/libverify.so
7f8025e50000-7f802604f000 ---p 0000d000 08:06 12977512                   /usr/lib/jvm/java-7-oracle/jre/lib/amd64/libverify.so
7f802604f000-7f8026051000 rw-p 0000c000 08:06 12977512                   /usr/lib/jvm/java-7-oracle/jre/lib/amd64/libverify.so
7f8026051000-7f8026058000 r-xp 00000000 08:06 2101151                    /lib/x86_64-linux-gnu/librt-2.17.so
7f8026058000-7f8026257000 ---p 00007000 08:06 2101151                    /lib/x86_64-linux-gnu/librt-2.17.so
7f8026257000-7f8026258000 r--p 00006000 08:06 2101151                    /lib/x86_64-linux-gnu/librt-2.17.so
7f8026258000-7f8026259000 rw-p 00007000 08:06 2101151                    /lib/x86_64-linux-gnu/librt-2.17.so
7f8026259000-7f802635c000 r-xp 00000000 08:06 2101079                    /lib/x86_64-linux-gnu/libm-2.17.so
7f802635c000-7f802655b000 ---p 00103000 08:06 2101079                    /lib/x86_64-linux-gnu/libm-2.17.so
7f802655b000-7f802655c000 r--p 00102000 08:06 2101079                    /lib/x86_64-linux-gnu/libm-2.17.so
7f802655c000-7f802655d000 rw-p 00103000 08:06 2101079                    /lib/x86_64-linux-gnu/libm-2.17.so
7f802655d000-7f80270cd000 r-xp 00000000 08:06 12979532                   /usr/lib/jvm/java-7-oracle/jre/lib/amd64/server/libjvm.so
7f80270cd000-7f80272cc000 ---p 00b70000 08:06 12979532                   /usr/lib/jvm/java-7-oracle/jre/lib/amd64/server/libjvm.so
7f80272cc000-7f8027391000 rw-p 00b6f000 08:06 12979532                   /usr/lib/jvm/java-7-oracle/jre/lib/amd64/server/libjvm.so
7f8027391000-7f80273d1000 rw-p 00000000 00:00 0 
7f80273d1000-7f802758e000 r-xp 00000000 08:06 2101028                    /lib/x86_64-linux-gnu/libc-2.17.so
7f802758e000-7f802778e000 ---p 001bd000 08:06 2101028                    /lib/x86_64-linux-gnu/libc-2.17.so
7f802778e000-7f8027792000 r--p 001bd000 08:06 2101028                    /lib/x86_64-linux-gnu/libc-2.17.so
7f8027792000-7f8027794000 rw-p 001c1000 08:06 2101028                    /lib/x86_64-linux-gnu/libc-2.17.so
7f8027794000-7f8027799000 rw-p 00000000 00:00 0 
7f8027799000-7f802779c000 r-xp 00000000 08:06 2101043                    /lib/x86_64-linux-gnu/libdl-2.17.so
7f802779c000-7f802799b000 ---p 00003000 08:06 2101043                    /lib/x86_64-linux-gnu/libdl-2.17.so
7f802799b000-7f802799c000 r--p 00002000 08:06 2101043                    /lib/x86_64-linux-gnu/libdl-2.17.so
7f802799c000-7f802799d000 rw-p 00003000 08:06 2101043                    /lib/x86_64-linux-gnu/libdl-2.17.so
7f802799d000-7f80279b3000 r-xp 00000000 08:06 13375145                   /usr/lib/jvm/java-7-oracle/lib/amd64/jli/libjli.so
7f80279b3000-7f8027bb3000 ---p 00016000 08:06 13375145                   /usr/lib/jvm/java-7-oracle/lib/amd64/jli/libjli.so
7f8027bb3000-7f8027bb4000 rw-p 00016000 08:06 13375145                   /usr/lib/jvm/java-7-oracle/lib/amd64/jli/libjli.so
7f8027bb4000-7f8027bcb000 r-xp 00000000 08:06 2101143                    /lib/x86_64-linux-gnu/libpthread-2.17.so
7f8027bcb000-7f8027dcb000 ---p 00017000 08:06 2101143                    /lib/x86_64-linux-gnu/libpthread-2.17.so
7f8027dcb000-7f8027dcc000 r--p 00017000 08:06 2101143                    /lib/x86_64-linux-gnu/libpthread-2.17.so
7f8027dcc000-7f8027dcd000 rw-p 00018000 08:06 2101143                    /lib/x86_64-linux-gnu/libpthread-2.17.so
7f8027dcd000-7f8027dd1000 rw-p 00000000 00:00 0 
7f8027dd1000-7f8027df4000 r-xp 00000000 08:06 2101004                    /lib/x86_64-linux-gnu/ld-2.17.so
7f8027df4000-7f8027df5000 r--s 00000000 08:06 262216                     /var/cache/fontconfig/0d8c3b2ac0904cb8a57a757ad11a4a08-le64.cache-4
7f8027df5000-7f8027df6000 r--s 00000000 08:06 262218                     /var/cache/fontconfig/1ac9eb803944fde146138c791f5cc56a-le64.cache-4
7f8027df6000-7f8027df7000 r--s 00000000 08:06 262247                     /var/cache/fontconfig/dc05db6664285cc2f12bf69c139ae4c3-le64.cache-4
7f8027df7000-7f8027df9000 r--s 00000000 08:06 262230                     /var/cache/fontconfig/767a8244fc0220cfb567a839d0392e0b-le64.cache-4
7f8027df9000-7f8027dfa000 r--s 00000000 08:06 263511                     /var/cache/fontconfig/4794a0821666d79190d59a36cb4f44b5-le64.cache-4
7f8027dfa000-7f8027dfd000 r--s 00000000 08:06 262232                     /var/cache/fontconfig/8801497958630a81b71ace7c5f9b32a8-le64.cache-4
7f8027dfd000-7f8027e04000 r--s 00000000 08:06 262220                     /var/cache/fontconfig/3047814df9a2f067bd2d96a2b9c36e5a-le64.cache-4
7f8027e04000-7f8027e05000 r--s 00000000 08:06 262225                     /var/cache/fontconfig/56cf4f4769d0f4abc89a4895d7bd3ae1-le64.cache-4
7f8027e05000-7f8027e12000 r--s 00000000 08:06 271172                     /var/cache/fontconfig/e13b20fdb08344e0e664864cc2ede53d-le64.cache-4
7f8027e12000-7f8027e1c000 rw-p 00000000 00:00 0 
7f8027e1c000-7f8027ed2000 rw-p 00000000 00:00 0 
7f8027ed2000-7f8027ed5000 ---p 00000000 00:00 0 
7f8027ed5000-7f8027fd7000 rw-p 00000000 00:00 0                          [stack:4631]
7f8027fd7000-7f8027fd8000 r--s 00000000 08:06 262239                     /var/cache/fontconfig/b9d506c9ac06c20b433354fa67a72993-le64.cache-4
7f8027fd8000-7f8027fde000 r--s 00000000 08:06 262238                     /var/cache/fontconfig/b47c4e1ecd0709278f4910c18777a504-le64.cache-4
7f8027fde000-7f8027fe2000 r--s 00000000 08:06 262245                     /var/cache/fontconfig/d589a48862398ed80a3d6066f4f56f4c-le64.cache-4
7f8027fe2000-7f8027fe3000 r--s 00000000 08:06 262215                     /var/cache/fontconfig/0c9eb80ebd1c36541ebe2852d3bb0c49-le64.cache-4
7f8027fe3000-7f8027fe7000 r--s 00000000 08:06 270796                     /var/cache/fontconfig/7ef2298fde41cc6eeb7af42e48b7d293-le64.cache-4
7f8027fe7000-7f8027fef000 rw-s 00000000 08:06 9185853                    /tmp/hsperfdata_root/4626
7f8027fef000-7f8027ff0000 rw-p 00000000 00:00 0 
7f8027ff0000-7f8027ff1000 ---p 00000000 00:00 0 
7f8027ff1000-7f8027ff3000 rw-p 00000000 00:00 0 
7f8027ff3000-7f8027ff4000 r--p 00022000 08:06 2101004                    /lib/x86_64-linux-gnu/ld-2.17.so
7f8027ff4000-7f8027ff6000 rw-p 00023000 08:06 2101004                    /lib/x86_64-linux-gnu/ld-2.17.so
7fff92d95000-7fff92db6000 rw-p 00000000 00:00 0                          [stack]
7fff92dfe000-7fff92e00000 r-xp 00000000 00:00 0                          [vdso]
ffffffffff600000-ffffffffff601000 r-xp 00000000 00:00 0                  [vsyscall]

VM Arguments:
jvm_args: -Dfile.encoding=UTF-8 
java_command: org.wso2.devstudio.splash.DevSSplashScreen
Launcher Type: SUN_STANDARD

Environment Variables:
JAVA_HOME=/usr/lib/jvm/java-7-oracle
PATH=/usr/local/sbin:/usr/local/bin:/usr/sbin:/usr/bin:/sbin:/bin:/usr/games:/usr/local/games:/usr/lib/jvm/java-7-oracle/jre
USERNAME=root
SHELL=/bin/bash
DISPLAY=:0

Signal Handlers:
SIGSEGV: [libjvm.so+0x99f4a0], sa_mask[0]=0x7ffbfeff, sa_flags=0x10000004
SIGBUS: [libjvm.so+0x99f4a0], sa_mask[0]=0x7ffbfeff, sa_flags=0x10000004
SIGFPE: [libjvm.so+0x81a860], sa_mask[0]=0x7ffbfeff, sa_flags=0x10000004
SIGPIPE: [libjvm.so+0x81a860], sa_mask[0]=0x7ffbfeff, sa_flags=0x10000004
SIGXFSZ: [libjvm.so+0x81a860], sa_mask[0]=0x7ffbfeff, sa_flags=0x10000004
SIGILL: [libjvm.so+0x81a860], sa_mask[0]=0x7ffbfeff, sa_flags=0x10000004
SIGUSR1: SIG_DFL, sa_mask[0]=0x00000000, sa_flags=0x00000000
SIGUSR2: [libjvm.so+0x81c060], sa_mask[0]=0x00000004, sa_flags=0x10000004
SIGHUP: [libjvm.so+0x81d160], sa_mask[0]=0x7ffbfeff, sa_flags=0x10000004
SIGINT: [libjvm.so+0x81d160], sa_mask[0]=0x7ffbfeff, sa_flags=0x10000004
SIGTERM: [libjvm.so+0x81d160], sa_mask[0]=0x7ffbfeff, sa_flags=0x10000004
SIGQUIT: [libjvm.so+0x81d160], sa_mask[0]=0x7ffbfeff, sa_flags=0x10000004


---------------  S Y S T E M  ---------------

OS:wheezy/sid

uname:Linux 3.11.0-26-generic #45-Ubuntu SMP Tue Jul 15 04:02:06 UTC 2014 x86_64
libc:glibc 2.17 NPTL 2.17 
rlimit: STACK 8192k, CORE 0k, NPROC 126672, NOFILE 4096, AS infinity
load average:2.13 1.58 0.71

/proc/meminfo:
MemTotal:       16309336 kB
MemFree:          161568 kB
Buffers:             364 kB
Cached:           394620 kB
SwapCached:            0 kB
Active:         15478780 kB
Inactive:         382948 kB
Active(anon):   15470644 kB
Inactive(anon):   373072 kB
Active(file):       8136 kB
Inactive(file):     9876 kB
Unevictable:          48 kB
Mlocked:              48 kB
SwapTotal:             0 kB
SwapFree:              0 kB
Dirty:               412 kB
Writeback:             0 kB
AnonPages:      15468996 kB
Mapped:           167360 kB
Shmem:            376156 kB
Slab:              72180 kB
SReclaimable:      27032 kB
SUnreclaim:        45148 kB
KernelStack:        9424 kB
PageTables:        77508 kB
NFS_Unstable:          0 kB
Bounce:                0 kB
WritebackTmp:          0 kB
CommitLimit:     8154668 kB
Committed_AS:   28133008 kB
VmallocTotal:   34359738367 kB
VmallocUsed:      373052 kB
VmallocChunk:   34359360600 kB
HardwareCorrupted:     0 kB
AnonHugePages:         0 kB
HugePages_Total:       0
HugePages_Free:        0
HugePages_Rsvd:        0
HugePages_Surp:        0
Hugepagesize:       2048 kB
DirectMap4k:       69636 kB
DirectMap2M:     1921024 kB
DirectMap1G:    14680064 kB


CPU:total 8 (4 cores per cpu, 2 threads per core) family 6 model 60 stepping 3, cmov, cx8, fxsr, mmx, sse, sse2, sse3, ssse3, sse4.1, sse4.2, popcnt, avx, avx2, aes, erms, ht, tsc, tscinvbit

/proc/cpuinfo:
processor	: 0
vendor_id	: GenuineIntel
cpu family	: 6
model		: 60
model name	: Intel(R) Core(TM) i7-4800MQ CPU @ 2.70GHz
stepping	: 3
microcode	: 0x17
cpu MHz		: 2701.000
cache size	: 6144 KB
physical id	: 0
siblings	: 8
core id		: 0
cpu cores	: 4
apicid		: 0
initial apicid	: 0
fpu		: yes
fpu_exception	: yes
cpuid level	: 13
wp		: yes
flags		: fpu vme de pse tsc msr pae mce cx8 apic sep mtrr pge mca cmov pat pse36 clflush dts acpi mmx fxsr sse sse2 ss ht tm pbe syscall nx pdpe1gb rdtscp lm constant_tsc arch_perfmon pebs bts rep_good nopl xtopology nonstop_tsc aperfmperf eagerfpu pni pclmulqdq dtes64 monitor ds_cpl vmx smx est tm2 ssse3 fma cx16 xtpr pdcm pcid sse4_1 sse4_2 x2apic movbe popcnt tsc_deadline_timer aes xsave avx f16c rdrand lahf_lm abm ida arat epb xsaveopt pln pts dtherm tpr_shadow vnmi flexpriority ept vpid fsgsbase tsc_adjust bmi1 hle avx2 smep bmi2 erms invpcid rtm
bogomips	: 5387.82
clflush size	: 64
cache_alignment	: 64
address sizes	: 39 bits physical, 48 bits virtual
power management:

processor	: 1
vendor_id	: GenuineIntel
cpu family	: 6
model		: 60
model name	: Intel(R) Core(TM) i7-4800MQ CPU @ 2.70GHz
stepping	: 3
microcode	: 0x17
cpu MHz		: 2701.000
cache size	: 6144 KB
physical id	: 0
siblings	: 8
core id		: 0
cpu cores	: 4
apicid		: 1
initial apicid	: 1
fpu		: yes
fpu_exception	: yes
cpuid level	: 13
wp		: yes
flags		: fpu vme de pse tsc msr pae mce cx8 apic sep mtrr pge mca cmov pat pse36 clflush dts acpi mmx fxsr sse sse2 ss ht tm pbe syscall nx pdpe1gb rdtscp lm constant_tsc arch_perfmon pebs bts rep_good nopl xtopology nonstop_tsc aperfmperf eagerfpu pni pclmulqdq dtes64 monitor ds_cpl vmx smx est tm2 ssse3 fma cx16 xtpr pdcm pcid sse4_1 sse4_2 x2apic movbe popcnt tsc_deadline_timer aes xsave avx f16c rdrand lahf_lm abm ida arat epb xsaveopt pln pts dtherm tpr_shadow vnmi flexpriority ept vpid fsgsbase tsc_adjust bmi1 hle avx2 smep bmi2 erms invpcid rtm
bogomips	: 5387.82
clflush size	: 64
cache_alignment	: 64
address sizes	: 39 bits physical, 48 bits virtual
power management:

processor	: 2
vendor_id	: GenuineIntel
cpu family	: 6
model		: 60
model name	: Intel(R) Core(TM) i7-4800MQ CPU @ 2.70GHz
stepping	: 3
microcode	: 0x17
cpu MHz		: 1500.000
cache size	: 6144 KB
physical id	: 0
siblings	: 8
core id		: 1
cpu cores	: 4
apicid		: 2
initial apicid	: 2
fpu		: yes
fpu_exception	: yes
cpuid level	: 13
wp		: yes
flags		: fpu vme de pse tsc msr pae mce cx8 apic sep mtrr pge mca cmov pat pse36 clflush dts acpi mmx fxsr sse sse2 ss ht tm pbe syscall nx pdpe1gb rdtscp lm constant_tsc arch_perfmon pebs bts rep_good nopl xtopology nonstop_tsc aperfmperf eagerfpu pni pclmulqdq dtes64 monitor ds_cpl vmx smx est tm2 ssse3 fma cx16 xtpr pdcm pcid sse4_1 sse4_2 x2apic movbe popcnt tsc_deadline_timer aes xsave avx f16c rdrand lahf_lm abm ida arat epb xsaveopt pln pts dtherm tpr_shadow vnmi flexpriority ept vpid fsgsbase tsc_adjust bmi1 hle avx2 smep bmi2 erms invpcid rtm
bogomips	: 5387.82
clflush size	: 64
cache_alignment	: 64
address sizes	: 39 bits physical, 48 bits virtual
power management:

processor	: 3
vendor_id	: GenuineIntel
cpu family	: 6
model		: 60
model name	: Intel(R) Core(TM) i7-4800MQ CPU @ 2.70GHz
stepping	: 3
microcode	: 0x17
cpu MHz		: 800.000
cache size	: 6144 KB
physical id	: 0
siblings	: 8
core id		: 1
cpu cores	: 4
apicid		: 3
initial apicid	: 3
fpu		: yes
fpu_exception	: yes
cpuid level	: 13
wp		: yes
flags		: fpu vme de pse tsc msr pae mce cx8 apic sep mtrr pge mca cmov pat pse36 clflush dts acpi mmx fxsr sse sse2 ss ht tm pbe syscall nx pdpe1gb rdtscp lm constant_tsc arch_perfmon pebs bts rep_good nopl xtopology nonstop_tsc aperfmperf eagerfpu pni pclmulqdq dtes64 monitor ds_cpl vmx smx est tm2 ssse3 fma cx16 xtpr pdcm pcid sse4_1 sse4_2 x2apic movbe popcnt tsc_deadline_timer aes xsave avx f16c rdrand lahf_lm abm ida arat epb xsaveopt pln pts dtherm tpr_shadow vnmi flexpriority ept vpid fsgsbase tsc_adjust bmi1 hle avx2 smep bmi2 erms invpcid rtm
bogomips	: 5387.82
clflush size	: 64
cache_alignment	: 64
address sizes	: 39 bits physical, 48 bits virtual
power management:

processor	: 4
vendor_id	: GenuineIntel
cpu family	: 6
model		: 60
model name	: Intel(R) Core(TM) i7-4800MQ CPU @ 2.70GHz
stepping	: 3
microcode	: 0x17
cpu MHz		: 800.000
cache size	: 6144 KB
physical id	: 0
siblings	: 8
core id		: 2
cpu cores	: 4
apicid		: 4
initial apicid	: 4
fpu		: yes
fpu_exception	: yes
cpuid level	: 13
wp		: yes
flags		: fpu vme de pse tsc msr pae mce cx8 apic sep mtrr pge mca cmov pat pse36 clflush dts acpi mmx fxsr sse sse2 ss ht tm pbe syscall nx pdpe1gb rdtscp lm constant_tsc arch_perfmon pebs bts rep_good nopl xtopology nonstop_tsc aperfmperf eagerfpu pni pclmulqdq dtes64 monitor ds_cpl vmx smx est tm2 ssse3 fma cx16 xtpr pdcm pcid sse4_1 sse4_2 x2apic movbe popcnt tsc_deadline_timer aes xsave avx f16c rdrand lahf_lm abm ida arat epb xsaveopt pln pts dtherm tpr_shadow vnmi flexpriority ept vpid fsgsbase tsc_adjust bmi1 hle avx2 smep bmi2 erms invpcid rtm
bogomips	: 5387.82
clflush size	: 64
cache_alignment	: 64
address sizes	: 39 bits physical, 48 bits virtual
power management:

processor	: 5
vendor_id	: GenuineIntel
cpu family	: 6
model		: 60
model name	: Intel(R) Core(TM) i7-4800MQ CPU @ 2.70GHz
stepping	: 3
microcode	: 0x17
cpu MHz		: 800.000
cache size	: 6144 KB
physical id	: 0
siblings	: 8
core id		: 2
cpu cores	: 4
apicid		: 5
initial apicid	: 5
fpu		: yes
fpu_exception	: yes
cpuid level	: 13
wp		: yes
flags		: fpu vme de pse tsc msr pae mce cx8 apic sep mtrr pge mca cmov pat pse36 clflush dts acpi mmx fxsr sse sse2 ss ht tm pbe syscall nx pdpe1gb rdtscp lm constant_tsc arch_perfmon pebs bts rep_good nopl xtopology nonstop_tsc aperfmperf eagerfpu pni pclmulqdq dtes64 monitor ds_cpl vmx smx est tm2 ssse3 fma cx16 xtpr pdcm pcid sse4_1 sse4_2 x2apic movbe popcnt tsc_deadline_timer aes xsave avx f16c rdrand lahf_lm abm ida arat epb xsaveopt pln pts dtherm tpr_shadow vnmi flexpriority ept vpid fsgsbase tsc_adjust bmi1 hle avx2 smep bmi2 erms invpcid rtm
bogomips	: 5387.82
clflush size	: 64
cache_alignment	: 64
address sizes	: 39 bits physical, 48 bits virtual
power management:

processor	: 6
vendor_id	: GenuineIntel
cpu family	: 6
model		: 60
model name	: Intel(R) Core(TM) i7-4800MQ CPU @ 2.70GHz
stepping	: 3
microcode	: 0x17
cpu MHz		: 800.000
cache size	: 6144 KB
physical id	: 0
siblings	: 8
core id		: 3
cpu cores	: 4
apicid		: 6
initial apicid	: 6
fpu		: yes
fpu_exception	: yes
cpuid level	: 13
wp		: yes
flags		: fpu vme de pse tsc msr pae mce cx8 apic sep mtrr pge mca cmov pat pse36 clflush dts acpi mmx fxsr sse sse2 ss ht tm pbe syscall nx pdpe1gb rdtscp lm constant_tsc arch_perfmon pebs bts rep_good nopl xtopology nonstop_tsc aperfmperf eagerfpu pni pclmulqdq dtes64 monitor ds_cpl vmx smx est tm2 ssse3 fma cx16 xtpr pdcm pcid sse4_1 sse4_2 x2apic movbe popcnt tsc_deadline_timer aes xsave avx f16c rdrand lahf_lm abm ida arat epb xsaveopt pln pts dtherm tpr_shadow vnmi flexpriority ept vpid fsgsbase tsc_adjust bmi1 hle avx2 smep bmi2 erms invpcid rtm
bogomips	: 5387.82
clflush size	: 64
cache_alignment	: 64
address sizes	: 39 bits physical, 48 bits virtual
power management:

processor	: 7
vendor_id	: GenuineIntel
cpu family	: 6
model		: 60
model name	: Intel(R) Core(TM) i7-4800MQ CPU @ 2.70GHz
stepping	: 3
microcode	: 0x17
cpu MHz		: 800.000
cache size	: 6144 KB
physical id	: 0
siblings	: 8
core id		: 3
cpu cores	: 4
apicid		: 7
initial apicid	: 7
fpu		: yes
fpu_exception	: yes
cpuid level	: 13
wp		: yes
flags		: fpu vme de pse tsc msr pae mce cx8 apic sep mtrr pge mca cmov pat pse36 clflush dts acpi mmx fxsr sse sse2 ss ht tm pbe syscall nx pdpe1gb rdtscp lm constant_tsc arch_perfmon pebs bts rep_good nopl xtopology nonstop_tsc aperfmperf eagerfpu pni pclmulqdq dtes64 monitor ds_cpl vmx smx est tm2 ssse3 fma cx16 xtpr pdcm pcid sse4_1 sse4_2 x2apic movbe popcnt tsc_deadline_timer aes xsave avx f16c rdrand lahf_lm abm ida arat epb xsaveopt pln pts dtherm tpr_shadow vnmi flexpriority ept vpid fsgsbase tsc_adjust bmi1 hle avx2 smep bmi2 erms invpcid rtm
bogomips	: 5387.82
clflush size	: 64
cache_alignment	: 64
address sizes	: 39 bits physical, 48 bits virtual
power management:



Memory: 4k page, physical 16309336k(161568k free), swap 0k(0k free)

vm_info: Java HotSpot(TM) 64-Bit Server VM (24.65-b04) for linux-amd64 JRE (1.7.0_65-b17), built on Jun 16 2014 20:55:34 by "java_re" with gcc 4.3.0 20080428 (Red Hat 4.3.0-8)

time: Fri Oct  3 16:46:25 2014
elapsed time: 0 seconds

